CRITICAL - 2023-10-25 04:49:30 --> chdir(): No such file or directory (errno 2)
in APPPATH\Controllers\PostController.php on line 217.
 1 [internal function]: CodeIgniter\Debug\Exceptions->errorHandler(2, 'chdir(): No such file or directory (errno 2)', 'C:\\Users\\Moisés David\\Desktop\\TallerBD\\Blog\\app\\Controllers\\PostController.php', 217)
 2 APPPATH\Controllers\PostController.php(217): chdir('../../../../../Program Files/MySQL/MySQL Workbench 8.0')
 3 SYSTEMPATH\CodeIgniter.php(919): App\Controllers\PostController->dump()
 4 SYSTEMPATH\CodeIgniter.php(494): CodeIgniter\CodeIgniter->runController(Object(App\Controllers\PostController))
 5 SYSTEMPATH\CodeIgniter.php(353): CodeIgniter\CodeIgniter->handleRequest(null, Object(Config\Cache), false)
 6 FCPATH\index.php(79): CodeIgniter\CodeIgniter->run()
 7 SYSTEMPATH\Commands\Server\rewrite.php(47): require_once('C:\\Users\\Moisés David\\Desktop\\TallerBD\\Blog\\public\\index.php')
CRITICAL - 2023-10-25 04:51:02 --> chdir(): No such file or directory (errno 2)
in APPPATH\Controllers\PostController.php on line 217.
 1 [internal function]: CodeIgniter\Debug\Exceptions->errorHandler(2, 'chdir(): No such file or directory (errno 2)', 'C:\\Users\\Moisés David\\Desktop\\TallerBD\\Blog\\app\\Controllers\\PostController.php', 217)
 2 APPPATH\Controllers\PostController.php(217): chdir('../../../../Program Files/MySQL/MySQL Workbench 8.0')
 3 SYSTEMPATH\CodeIgniter.php(919): App\Controllers\PostController->dump()
 4 SYSTEMPATH\CodeIgniter.php(494): CodeIgniter\CodeIgniter->runController(Object(App\Controllers\PostController))
 5 SYSTEMPATH\CodeIgniter.php(353): CodeIgniter\CodeIgniter->handleRequest(null, Object(Config\Cache), false)
 6 FCPATH\index.php(79): CodeIgniter\CodeIgniter->run()
 7 SYSTEMPATH\Commands\Server\rewrite.php(47): require_once('C:\\Users\\Moisés David\\Desktop\\TallerBD\\Blog\\public\\index.php')
CRITICAL - 2023-10-25 04:51:07 --> chdir(): No such file or directory (errno 2)
in APPPATH\Controllers\PostController.php on line 217.
 1 [internal function]: CodeIgniter\Debug\Exceptions->errorHandler(2, 'chdir(): No such file or directory (errno 2)', 'C:\\Users\\Moisés David\\Desktop\\TallerBD\\Blog\\app\\Controllers\\PostController.php', 217)
 2 APPPATH\Controllers\PostController.php(217): chdir('../../../Program Files/MySQL/MySQL Workbench 8.0')
 3 SYSTEMPATH\CodeIgniter.php(919): App\Controllers\PostController->dump()
 4 SYSTEMPATH\CodeIgniter.php(494): CodeIgniter\CodeIgniter->runController(Object(App\Controllers\PostController))
 5 SYSTEMPATH\CodeIgniter.php(353): CodeIgniter\CodeIgniter->handleRequest(null, Object(Config\Cache), false)
 6 FCPATH\index.php(79): CodeIgniter\CodeIgniter->run()
 7 SYSTEMPATH\Commands\Server\rewrite.php(47): require_once('C:\\Users\\Moisés David\\Desktop\\TallerBD\\Blog\\public\\index.php')
CRITICAL - 2023-10-25 04:51:13 --> chdir(): No such file or directory (errno 2)
in APPPATH\Controllers\PostController.php on line 217.
 1 [internal function]: CodeIgniter\Debug\Exceptions->errorHandler(2, 'chdir(): No such file or directory (errno 2)', 'C:\\Users\\Moisés David\\Desktop\\TallerBD\\Blog\\app\\Controllers\\PostController.php', 217)
 2 APPPATH\Controllers\PostController.php(217): chdir('../../Program Files/MySQL/MySQL Workbench 8.0')
 3 SYSTEMPATH\CodeIgniter.php(919): App\Controllers\PostController->dump()
 4 SYSTEMPATH\CodeIgniter.php(494): CodeIgniter\CodeIgniter->runController(Object(App\Controllers\PostController))
 5 SYSTEMPATH\CodeIgniter.php(353): CodeIgniter\CodeIgniter->handleRequest(null, Object(Config\Cache), false)
 6 FCPATH\index.php(79): CodeIgniter\CodeIgniter->run()
 7 SYSTEMPATH\Commands\Server\rewrite.php(47): require_once('C:\\Users\\Moisés David\\Desktop\\TallerBD\\Blog\\public\\index.php')
CRITICAL - 2023-10-25 04:51:19 --> chdir(): No such file or directory (errno 2)
in APPPATH\Controllers\PostController.php on line 217.
 1 [internal function]: CodeIgniter\Debug\Exceptions->errorHandler(2, 'chdir(): No such file or directory (errno 2)', 'C:\\Users\\Moisés David\\Desktop\\TallerBD\\Blog\\app\\Controllers\\PostController.php', 217)
 2 APPPATH\Controllers\PostController.php(217): chdir('../Program Files/MySQL/MySQL Workbench 8.0')
 3 SYSTEMPATH\CodeIgniter.php(919): App\Controllers\PostController->dump()
 4 SYSTEMPATH\CodeIgniter.php(494): CodeIgniter\CodeIgniter->runController(Object(App\Controllers\PostController))
 5 SYSTEMPATH\CodeIgniter.php(353): CodeIgniter\CodeIgniter->handleRequest(null, Object(Config\Cache), false)
 6 FCPATH\index.php(79): CodeIgniter\CodeIgniter->run()
 7 SYSTEMPATH\Commands\Server\rewrite.php(47): require_once('C:\\Users\\Moisés David\\Desktop\\TallerBD\\Blog\\public\\index.php')
