ERROR - 2023-10-04 13:39:05 --> mysqli_sql_exception: You have an error in your SQL syntax; check the manual that corresponds to your MariaDB server version for the right syntax to use near '' at line 1 in C:\Users\Moisés David\Desktop\QUINTO SEMESTRE\TALLER DE BASE DE DATOS\Unidad II\Blog\system\Database\MySQLi\Connection.php:306
Stack trace:
#0 C:\Users\Moisés David\Desktop\QUINTO SEMESTRE\TALLER DE BASE DE DATOS\Unidad II\Blog\system\Database\MySQLi\Connection.php(306): mysqli->query('select ', 0)
#1 C:\Users\Moisés David\Desktop\QUINTO SEMESTRE\TALLER DE BASE DE DATOS\Unidad II\Blog\system\Database\BaseConnection.php(692): CodeIgniter\Database\MySQLi\Connection->execute('select ')
#2 C:\Users\Moisés David\Desktop\QUINTO SEMESTRE\TALLER DE BASE DE DATOS\Unidad II\Blog\system\Database\BaseConnection.php(606): CodeIgniter\Database\BaseConnection->simpleQuery('select ')
#3 C:\Users\Moisés David\Desktop\QUINTO SEMESTRE\TALLER DE BASE DE DATOS\Unidad II\Blog\app\Controllers\PostController.php(44): CodeIgniter\Database\BaseConnection->query('select ')
#4 C:\Users\Moisés David\Desktop\QUINTO SEMESTRE\TALLER DE BASE DE DATOS\Unidad II\Blog\system\CodeIgniter.php(919): App\Controllers\PostController->Ejercicio6()
#5 C:\Users\Moisés David\Desktop\QUINTO SEMESTRE\TALLER DE BASE DE DATOS\Unidad II\Blog\system\CodeIgniter.php(494): CodeIgniter\CodeIgniter->runController(Object(App\Controllers\PostController))
#6 C:\Users\Moisés David\Desktop\QUINTO SEMESTRE\TALLER DE BASE DE DATOS\Unidad II\Blog\system\CodeIgniter.php(353): CodeIgniter\CodeIgniter->handleRequest(NULL, Object(Config\Cache), false)
#7 C:\Users\Moisés David\Desktop\QUINTO SEMESTRE\TALLER DE BASE DE DATOS\Unidad II\Blog\public\index.php(79): CodeIgniter\CodeIgniter->run()
#8 C:\Users\Moisés David\Desktop\QUINTO SEMESTRE\TALLER DE BASE DE DATOS\Unidad II\Blog\system\Commands\Server\rewrite.php(47): require_once('C:\\Users\\Mois\xC3\xA9...')
#9 {main}
CRITICAL - 2023-10-04 13:39:05 --> You have an error in your SQL syntax; check the manual that corresponds to your MariaDB server version for the right syntax to use near '' at line 1
in SYSTEMPATH\Database\BaseConnection.php on line 646.
 1 APPPATH\Controllers\PostController.php(44): CodeIgniter\Database\BaseConnection->query('select ')
 2 SYSTEMPATH\CodeIgniter.php(919): App\Controllers\PostController->Ejercicio6()
 3 SYSTEMPATH\CodeIgniter.php(494): CodeIgniter\CodeIgniter->runController(Object(App\Controllers\PostController))
 4 SYSTEMPATH\CodeIgniter.php(353): CodeIgniter\CodeIgniter->handleRequest(null, Object(Config\Cache), false)
 5 FCPATH\index.php(79): CodeIgniter\CodeIgniter->run()
 6 SYSTEMPATH\Commands\Server\rewrite.php(47): require_once('C:\\Users\\Moisés David\\Desktop\\QUINTO SEMESTRE\\TALLER DE BASE DE DATOS\\Unidad II\\Blog\\public\\index.php')
ERROR - 2023-10-04 13:39:21 --> mysqli_sql_exception: You have an error in your SQL syntax; check the manual that corresponds to your MariaDB server version for the right syntax to use near '' at line 1 in C:\Users\Moisés David\Desktop\QUINTO SEMESTRE\TALLER DE BASE DE DATOS\Unidad II\Blog\system\Database\MySQLi\Connection.php:306
Stack trace:
#0 C:\Users\Moisés David\Desktop\QUINTO SEMESTRE\TALLER DE BASE DE DATOS\Unidad II\Blog\system\Database\MySQLi\Connection.php(306): mysqli->query('select ', 0)
#1 C:\Users\Moisés David\Desktop\QUINTO SEMESTRE\TALLER DE BASE DE DATOS\Unidad II\Blog\system\Database\BaseConnection.php(692): CodeIgniter\Database\MySQLi\Connection->execute('select ')
#2 C:\Users\Moisés David\Desktop\QUINTO SEMESTRE\TALLER DE BASE DE DATOS\Unidad II\Blog\system\Database\BaseConnection.php(606): CodeIgniter\Database\BaseConnection->simpleQuery('select ')
#3 C:\Users\Moisés David\Desktop\QUINTO SEMESTRE\TALLER DE BASE DE DATOS\Unidad II\Blog\app\Controllers\PostController.php(44): CodeIgniter\Database\BaseConnection->query('select ')
#4 C:\Users\Moisés David\Desktop\QUINTO SEMESTRE\TALLER DE BASE DE DATOS\Unidad II\Blog\system\CodeIgniter.php(919): App\Controllers\PostController->Ejercicio6()
#5 C:\Users\Moisés David\Desktop\QUINTO SEMESTRE\TALLER DE BASE DE DATOS\Unidad II\Blog\system\CodeIgniter.php(494): CodeIgniter\CodeIgniter->runController(Object(App\Controllers\PostController))
#6 C:\Users\Moisés David\Desktop\QUINTO SEMESTRE\TALLER DE BASE DE DATOS\Unidad II\Blog\system\CodeIgniter.php(353): CodeIgniter\CodeIgniter->handleRequest(NULL, Object(Config\Cache), false)
#7 C:\Users\Moisés David\Desktop\QUINTO SEMESTRE\TALLER DE BASE DE DATOS\Unidad II\Blog\public\index.php(79): CodeIgniter\CodeIgniter->run()
#8 C:\Users\Moisés David\Desktop\QUINTO SEMESTRE\TALLER DE BASE DE DATOS\Unidad II\Blog\system\Commands\Server\rewrite.php(47): require_once('C:\\Users\\Mois\xC3\xA9...')
#9 {main}
CRITICAL - 2023-10-04 13:39:21 --> You have an error in your SQL syntax; check the manual that corresponds to your MariaDB server version for the right syntax to use near '' at line 1
in SYSTEMPATH\Database\BaseConnection.php on line 646.
 1 APPPATH\Controllers\PostController.php(44): CodeIgniter\Database\BaseConnection->query('select ')
 2 SYSTEMPATH\CodeIgniter.php(919): App\Controllers\PostController->Ejercicio6()
 3 SYSTEMPATH\CodeIgniter.php(494): CodeIgniter\CodeIgniter->runController(Object(App\Controllers\PostController))
 4 SYSTEMPATH\CodeIgniter.php(353): CodeIgniter\CodeIgniter->handleRequest(null, Object(Config\Cache), false)
 5 FCPATH\index.php(79): CodeIgniter\CodeIgniter->run()
 6 SYSTEMPATH\Commands\Server\rewrite.php(47): require_once('C:\\Users\\Moisés David\\Desktop\\QUINTO SEMESTRE\\TALLER DE BASE DE DATOS\\Unidad II\\Blog\\public\\index.php')
ERROR - 2023-10-04 13:48:26 --> mysqli_sql_exception: Invalid use of group function in C:\Users\Moisés David\Desktop\QUINTO SEMESTRE\TALLER DE BASE DE DATOS\Unidad II\Blog\system\Database\MySQLi\Connection.php:306
Stack trace:
#0 C:\Users\Moisés David\Desktop\QUINTO SEMESTRE\TALLER DE BASE DE DATOS\Unidad II\Blog\system\Database\MySQLi\Connection.php(306): mysqli->query('select concat(c...', 0)
#1 C:\Users\Moisés David\Desktop\QUINTO SEMESTRE\TALLER DE BASE DE DATOS\Unidad II\Blog\system\Database\BaseConnection.php(692): CodeIgniter\Database\MySQLi\Connection->execute('select concat(c...')
#2 C:\Users\Moisés David\Desktop\QUINTO SEMESTRE\TALLER DE BASE DE DATOS\Unidad II\Blog\system\Database\BaseConnection.php(606): CodeIgniter\Database\BaseConnection->simpleQuery('select concat(c...')
#3 C:\Users\Moisés David\Desktop\QUINTO SEMESTRE\TALLER DE BASE DE DATOS\Unidad II\Blog\app\Controllers\PostController.php(44): CodeIgniter\Database\BaseConnection->query('select concat(c...')
#4 C:\Users\Moisés David\Desktop\QUINTO SEMESTRE\TALLER DE BASE DE DATOS\Unidad II\Blog\system\CodeIgniter.php(919): App\Controllers\PostController->Ejercicio6()
#5 C:\Users\Moisés David\Desktop\QUINTO SEMESTRE\TALLER DE BASE DE DATOS\Unidad II\Blog\system\CodeIgniter.php(494): CodeIgniter\CodeIgniter->runController(Object(App\Controllers\PostController))
#6 C:\Users\Moisés David\Desktop\QUINTO SEMESTRE\TALLER DE BASE DE DATOS\Unidad II\Blog\system\CodeIgniter.php(353): CodeIgniter\CodeIgniter->handleRequest(NULL, Object(Config\Cache), false)
#7 C:\Users\Moisés David\Desktop\QUINTO SEMESTRE\TALLER DE BASE DE DATOS\Unidad II\Blog\public\index.php(79): CodeIgniter\CodeIgniter->run()
#8 C:\Users\Moisés David\Desktop\QUINTO SEMESTRE\TALLER DE BASE DE DATOS\Unidad II\Blog\system\Commands\Server\rewrite.php(47): require_once('C:\\Users\\Mois\xC3\xA9...')
#9 {main}
CRITICAL - 2023-10-04 13:48:26 --> Invalid use of group function
in SYSTEMPATH\Database\BaseConnection.php on line 646.
 1 APPPATH\Controllers\PostController.php(44): CodeIgniter\Database\BaseConnection->query('select concat(c.category,"(",count(c.id),")") as "category", 
        concat(u.username," (",p.autor,")")as autor,group_concat(p.id), count(group_concat(p.id)) as "posts" from posts as p
        right join categories as c on p.category = c.id
        right join users as u on u.id = p.autor
        group by c.category, p.autor order by c.id asc limit 100')
 2 SYSTEMPATH\CodeIgniter.php(919): App\Controllers\PostController->Ejercicio6()
 3 SYSTEMPATH\CodeIgniter.php(494): CodeIgniter\CodeIgniter->runController(Object(App\Controllers\PostController))
 4 SYSTEMPATH\CodeIgniter.php(353): CodeIgniter\CodeIgniter->handleRequest(null, Object(Config\Cache), false)
 5 FCPATH\index.php(79): CodeIgniter\CodeIgniter->run()
 6 SYSTEMPATH\Commands\Server\rewrite.php(47): require_once('C:\\Users\\Moisés David\\Desktop\\QUINTO SEMESTRE\\TALLER DE BASE DE DATOS\\Unidad II\\Blog\\public\\index.php')
CRITICAL - 2023-10-04 13:58:51 --> Attempt to read property "postsPorCategoria" on array
in APPPATH\Views\posts\Ejercicio06.php on line 7.
 1 APPPATH\Views\posts\Ejercicio06.php(7): CodeIgniter\Debug\Exceptions->errorHandler(2, 'Attempt to read property "postsPorCategoria" on array', 'C:\\Users\\Moisés David\\Desktop\\QUINTO SEMESTRE\\TALLER DE BASE DE DATOS\\Unidad II\\Blog\\app\\Views\\posts\\Ejercicio06.php', 7)
 2 SYSTEMPATH\View\View.php(226): include('C:\\Users\\Moisés David\\Desktop\\QUINTO SEMESTRE\\TALLER DE BASE DE DATOS\\Unidad II\\Blog\\app\\Views\\posts\\Ejercicio06.php')
 3 SYSTEMPATH\View\View.php(229): CodeIgniter\View\View->CodeIgniter\View\{closure}()
 4 SYSTEMPATH\Common.php(1188): CodeIgniter\View\View->render('posts/Ejercicio06', [], true)
 5 APPPATH\Controllers\PostController.php(57): view('posts/Ejercicio06', [...])
 6 SYSTEMPATH\CodeIgniter.php(919): App\Controllers\PostController->Ejercicio6()
 7 SYSTEMPATH\CodeIgniter.php(494): CodeIgniter\CodeIgniter->runController(Object(App\Controllers\PostController))
 8 SYSTEMPATH\CodeIgniter.php(353): CodeIgniter\CodeIgniter->handleRequest(null, Object(Config\Cache), false)
 9 FCPATH\index.php(79): CodeIgniter\CodeIgniter->run()
10 SYSTEMPATH\Commands\Server\rewrite.php(47): require_once('C:\\Users\\Moisés David\\Desktop\\QUINTO SEMESTRE\\TALLER DE BASE DE DATOS\\Unidad II\\Blog\\public\\index.php')
CRITICAL - 2023-10-04 13:59:33 --> Attempt to read property "posts" on array
in APPPATH\Views\posts\Ejercicio06.php on line 7.
 1 APPPATH\Views\posts\Ejercicio06.php(7): CodeIgniter\Debug\Exceptions->errorHandler(2, 'Attempt to read property "posts" on array', 'C:\\Users\\Moisés David\\Desktop\\QUINTO SEMESTRE\\TALLER DE BASE DE DATOS\\Unidad II\\Blog\\app\\Views\\posts\\Ejercicio06.php', 7)
 2 SYSTEMPATH\View\View.php(226): include('C:\\Users\\Moisés David\\Desktop\\QUINTO SEMESTRE\\TALLER DE BASE DE DATOS\\Unidad II\\Blog\\app\\Views\\posts\\Ejercicio06.php')
 3 SYSTEMPATH\View\View.php(229): CodeIgniter\View\View->CodeIgniter\View\{closure}()
 4 SYSTEMPATH\Common.php(1188): CodeIgniter\View\View->render('posts/Ejercicio06', [], true)
 5 APPPATH\Controllers\PostController.php(57): view('posts/Ejercicio06', [...])
 6 SYSTEMPATH\CodeIgniter.php(919): App\Controllers\PostController->Ejercicio6()
 7 SYSTEMPATH\CodeIgniter.php(494): CodeIgniter\CodeIgniter->runController(Object(App\Controllers\PostController))
 8 SYSTEMPATH\CodeIgniter.php(353): CodeIgniter\CodeIgniter->handleRequest(null, Object(Config\Cache), false)
 9 FCPATH\index.php(79): CodeIgniter\CodeIgniter->run()
10 SYSTEMPATH\Commands\Server\rewrite.php(47): require_once('C:\\Users\\Moisés David\\Desktop\\QUINTO SEMESTRE\\TALLER DE BASE DE DATOS\\Unidad II\\Blog\\public\\index.php')
CRITICAL - 2023-10-04 13:59:40 --> Attempt to read property "id" on array
in APPPATH\Views\posts\Ejercicio06.php on line 7.
 1 APPPATH\Views\posts\Ejercicio06.php(7): CodeIgniter\Debug\Exceptions->errorHandler(2, 'Attempt to read property "id" on array', 'C:\\Users\\Moisés David\\Desktop\\QUINTO SEMESTRE\\TALLER DE BASE DE DATOS\\Unidad II\\Blog\\app\\Views\\posts\\Ejercicio06.php', 7)
 2 SYSTEMPATH\View\View.php(226): include('C:\\Users\\Moisés David\\Desktop\\QUINTO SEMESTRE\\TALLER DE BASE DE DATOS\\Unidad II\\Blog\\app\\Views\\posts\\Ejercicio06.php')
 3 SYSTEMPATH\View\View.php(229): CodeIgniter\View\View->CodeIgniter\View\{closure}()
 4 SYSTEMPATH\Common.php(1188): CodeIgniter\View\View->render('posts/Ejercicio06', [], true)
 5 APPPATH\Controllers\PostController.php(57): view('posts/Ejercicio06', [...])
 6 SYSTEMPATH\CodeIgniter.php(919): App\Controllers\PostController->Ejercicio6()
 7 SYSTEMPATH\CodeIgniter.php(494): CodeIgniter\CodeIgniter->runController(Object(App\Controllers\PostController))
 8 SYSTEMPATH\CodeIgniter.php(353): CodeIgniter\CodeIgniter->handleRequest(null, Object(Config\Cache), false)
 9 FCPATH\index.php(79): CodeIgniter\CodeIgniter->run()
10 SYSTEMPATH\Commands\Server\rewrite.php(47): require_once('C:\\Users\\Moisés David\\Desktop\\QUINTO SEMESTRE\\TALLER DE BASE DE DATOS\\Unidad II\\Blog\\public\\index.php')
ERROR - 2023-10-04 14:16:33 --> mysqli_sql_exception: You have an error in your SQL syntax; check the manual that corresponds to your MariaDB server version for the right syntax to use near 'category order by category' at line 1 in C:\Users\Moisés David\Desktop\QUINTO SEMESTRE\TALLER DE BASE DE DATOS\Unidad II\Blog\system\Database\MySQLi\Connection.php:306
Stack trace:
#0 C:\Users\Moisés David\Desktop\QUINTO SEMESTRE\TALLER DE BASE DE DATOS\Unidad II\Blog\system\Database\MySQLi\Connection.php(306): mysqli->query('select category...', 0)
#1 C:\Users\Moisés David\Desktop\QUINTO SEMESTRE\TALLER DE BASE DE DATOS\Unidad II\Blog\system\Database\BaseConnection.php(692): CodeIgniter\Database\MySQLi\Connection->execute('select category...')
#2 C:\Users\Moisés David\Desktop\QUINTO SEMESTRE\TALLER DE BASE DE DATOS\Unidad II\Blog\system\Database\BaseConnection.php(606): CodeIgniter\Database\BaseConnection->simpleQuery('select category...')
#3 C:\Users\Moisés David\Desktop\QUINTO SEMESTRE\TALLER DE BASE DE DATOS\Unidad II\Blog\app\Controllers\PostController.php(50): CodeIgniter\Database\BaseConnection->query('select category...')
#4 C:\Users\Moisés David\Desktop\QUINTO SEMESTRE\TALLER DE BASE DE DATOS\Unidad II\Blog\system\CodeIgniter.php(919): App\Controllers\PostController->Ejercicio6()
#5 C:\Users\Moisés David\Desktop\QUINTO SEMESTRE\TALLER DE BASE DE DATOS\Unidad II\Blog\system\CodeIgniter.php(494): CodeIgniter\CodeIgniter->runController(Object(App\Controllers\PostController))
#6 C:\Users\Moisés David\Desktop\QUINTO SEMESTRE\TALLER DE BASE DE DATOS\Unidad II\Blog\system\CodeIgniter.php(353): CodeIgniter\CodeIgniter->handleRequest(NULL, Object(Config\Cache), false)
#7 C:\Users\Moisés David\Desktop\QUINTO SEMESTRE\TALLER DE BASE DE DATOS\Unidad II\Blog\public\index.php(79): CodeIgniter\CodeIgniter->run()
#8 C:\Users\Moisés David\Desktop\QUINTO SEMESTRE\TALLER DE BASE DE DATOS\Unidad II\Blog\system\Commands\Server\rewrite.php(47): require_once('C:\\Users\\Mois\xC3\xA9...')
#9 {main}
CRITICAL - 2023-10-04 14:16:33 --> You have an error in your SQL syntax; check the manual that corresponds to your MariaDB server version for the right syntax to use near 'category order by category' at line 1
in SYSTEMPATH\Database\BaseConnection.php on line 646.
 1 APPPATH\Controllers\PostController.php(50): CodeIgniter\Database\BaseConnection->query('select category, group_concat(p.id) as "ppc" from categories group_by category order by category ')
 2 SYSTEMPATH\CodeIgniter.php(919): App\Controllers\PostController->Ejercicio6()
 3 SYSTEMPATH\CodeIgniter.php(494): CodeIgniter\CodeIgniter->runController(Object(App\Controllers\PostController))
 4 SYSTEMPATH\CodeIgniter.php(353): CodeIgniter\CodeIgniter->handleRequest(null, Object(Config\Cache), false)
 5 FCPATH\index.php(79): CodeIgniter\CodeIgniter->run()
 6 SYSTEMPATH\Commands\Server\rewrite.php(47): require_once('C:\\Users\\Moisés David\\Desktop\\QUINTO SEMESTRE\\TALLER DE BASE DE DATOS\\Unidad II\\Blog\\public\\index.php')
ERROR - 2023-10-04 14:17:16 --> mysqli_sql_exception: You have an error in your SQL syntax; check the manual that corresponds to your MariaDB server version for the right syntax to use near 'category order by category' at line 1 in C:\Users\Moisés David\Desktop\QUINTO SEMESTRE\TALLER DE BASE DE DATOS\Unidad II\Blog\system\Database\MySQLi\Connection.php:306
Stack trace:
#0 C:\Users\Moisés David\Desktop\QUINTO SEMESTRE\TALLER DE BASE DE DATOS\Unidad II\Blog\system\Database\MySQLi\Connection.php(306): mysqli->query('select category...', 0)
#1 C:\Users\Moisés David\Desktop\QUINTO SEMESTRE\TALLER DE BASE DE DATOS\Unidad II\Blog\system\Database\BaseConnection.php(692): CodeIgniter\Database\MySQLi\Connection->execute('select category...')
#2 C:\Users\Moisés David\Desktop\QUINTO SEMESTRE\TALLER DE BASE DE DATOS\Unidad II\Blog\system\Database\BaseConnection.php(606): CodeIgniter\Database\BaseConnection->simpleQuery('select category...')
#3 C:\Users\Moisés David\Desktop\QUINTO SEMESTRE\TALLER DE BASE DE DATOS\Unidad II\Blog\app\Controllers\PostController.php(50): CodeIgniter\Database\BaseConnection->query('select category...')
#4 C:\Users\Moisés David\Desktop\QUINTO SEMESTRE\TALLER DE BASE DE DATOS\Unidad II\Blog\system\CodeIgniter.php(919): App\Controllers\PostController->Ejercicio6()
#5 C:\Users\Moisés David\Desktop\QUINTO SEMESTRE\TALLER DE BASE DE DATOS\Unidad II\Blog\system\CodeIgniter.php(494): CodeIgniter\CodeIgniter->runController(Object(App\Controllers\PostController))
#6 C:\Users\Moisés David\Desktop\QUINTO SEMESTRE\TALLER DE BASE DE DATOS\Unidad II\Blog\system\CodeIgniter.php(353): CodeIgniter\CodeIgniter->handleRequest(NULL, Object(Config\Cache), false)
#7 C:\Users\Moisés David\Desktop\QUINTO SEMESTRE\TALLER DE BASE DE DATOS\Unidad II\Blog\public\index.php(79): CodeIgniter\CodeIgniter->run()
#8 C:\Users\Moisés David\Desktop\QUINTO SEMESTRE\TALLER DE BASE DE DATOS\Unidad II\Blog\system\Commands\Server\rewrite.php(47): require_once('C:\\Users\\Mois\xC3\xA9...')
#9 {main}
CRITICAL - 2023-10-04 14:17:16 --> You have an error in your SQL syntax; check the manual that corresponds to your MariaDB server version for the right syntax to use near 'category order by category' at line 1
in SYSTEMPATH\Database\BaseConnection.php on line 646.
 1 APPPATH\Controllers\PostController.php(50): CodeIgniter\Database\BaseConnection->query('select category, count(*) as "ppc" from categories group_by category order by category ')
 2 SYSTEMPATH\CodeIgniter.php(919): App\Controllers\PostController->Ejercicio6()
 3 SYSTEMPATH\CodeIgniter.php(494): CodeIgniter\CodeIgniter->runController(Object(App\Controllers\PostController))
 4 SYSTEMPATH\CodeIgniter.php(353): CodeIgniter\CodeIgniter->handleRequest(null, Object(Config\Cache), false)
 5 FCPATH\index.php(79): CodeIgniter\CodeIgniter->run()
 6 SYSTEMPATH\Commands\Server\rewrite.php(47): require_once('C:\\Users\\Moisés David\\Desktop\\QUINTO SEMESTRE\\TALLER DE BASE DE DATOS\\Unidad II\\Blog\\public\\index.php')
ERROR - 2023-10-04 14:17:17 --> mysqli_sql_exception: You have an error in your SQL syntax; check the manual that corresponds to your MariaDB server version for the right syntax to use near 'category order by category' at line 1 in C:\Users\Moisés David\Desktop\QUINTO SEMESTRE\TALLER DE BASE DE DATOS\Unidad II\Blog\system\Database\MySQLi\Connection.php:306
Stack trace:
#0 C:\Users\Moisés David\Desktop\QUINTO SEMESTRE\TALLER DE BASE DE DATOS\Unidad II\Blog\system\Database\MySQLi\Connection.php(306): mysqli->query('select category...', 0)
#1 C:\Users\Moisés David\Desktop\QUINTO SEMESTRE\TALLER DE BASE DE DATOS\Unidad II\Blog\system\Database\BaseConnection.php(692): CodeIgniter\Database\MySQLi\Connection->execute('select category...')
#2 C:\Users\Moisés David\Desktop\QUINTO SEMESTRE\TALLER DE BASE DE DATOS\Unidad II\Blog\system\Database\BaseConnection.php(606): CodeIgniter\Database\BaseConnection->simpleQuery('select category...')
#3 C:\Users\Moisés David\Desktop\QUINTO SEMESTRE\TALLER DE BASE DE DATOS\Unidad II\Blog\app\Controllers\PostController.php(50): CodeIgniter\Database\BaseConnection->query('select category...')
#4 C:\Users\Moisés David\Desktop\QUINTO SEMESTRE\TALLER DE BASE DE DATOS\Unidad II\Blog\system\CodeIgniter.php(919): App\Controllers\PostController->Ejercicio6()
#5 C:\Users\Moisés David\Desktop\QUINTO SEMESTRE\TALLER DE BASE DE DATOS\Unidad II\Blog\system\CodeIgniter.php(494): CodeIgniter\CodeIgniter->runController(Object(App\Controllers\PostController))
#6 C:\Users\Moisés David\Desktop\QUINTO SEMESTRE\TALLER DE BASE DE DATOS\Unidad II\Blog\system\CodeIgniter.php(353): CodeIgniter\CodeIgniter->handleRequest(NULL, Object(Config\Cache), false)
#7 C:\Users\Moisés David\Desktop\QUINTO SEMESTRE\TALLER DE BASE DE DATOS\Unidad II\Blog\public\index.php(79): CodeIgniter\CodeIgniter->run()
#8 C:\Users\Moisés David\Desktop\QUINTO SEMESTRE\TALLER DE BASE DE DATOS\Unidad II\Blog\system\Commands\Server\rewrite.php(47): require_once('C:\\Users\\Mois\xC3\xA9...')
#9 {main}
CRITICAL - 2023-10-04 14:17:17 --> You have an error in your SQL syntax; check the manual that corresponds to your MariaDB server version for the right syntax to use near 'category order by category' at line 1
in SYSTEMPATH\Database\BaseConnection.php on line 646.
 1 APPPATH\Controllers\PostController.php(50): CodeIgniter\Database\BaseConnection->query('select category, count(*) as "ppc" from categories group_by category order by category ')
 2 SYSTEMPATH\CodeIgniter.php(919): App\Controllers\PostController->Ejercicio6()
 3 SYSTEMPATH\CodeIgniter.php(494): CodeIgniter\CodeIgniter->runController(Object(App\Controllers\PostController))
 4 SYSTEMPATH\CodeIgniter.php(353): CodeIgniter\CodeIgniter->handleRequest(null, Object(Config\Cache), false)
 5 FCPATH\index.php(79): CodeIgniter\CodeIgniter->run()
 6 SYSTEMPATH\Commands\Server\rewrite.php(47): require_once('C:\\Users\\Moisés David\\Desktop\\QUINTO SEMESTRE\\TALLER DE BASE DE DATOS\\Unidad II\\Blog\\public\\index.php')
ERROR - 2023-10-04 14:27:11 --> mysqli_sql_exception: You have an error in your SQL syntax; check the manual that corresponds to your MariaDB server version for the right syntax to use near 'group_by category order by category' at line 1 in C:\Users\Moisés David\Desktop\QUINTO SEMESTRE\TALLER DE BASE DE DATOS\Unidad II\Blog\system\Database\MySQLi\Connection.php:306
Stack trace:
#0 C:\Users\Moisés David\Desktop\QUINTO SEMESTRE\TALLER DE BASE DE DATOS\Unidad II\Blog\system\Database\MySQLi\Connection.php(306): mysqli->query('select p.*, c.c...', 0)
#1 C:\Users\Moisés David\Desktop\QUINTO SEMESTRE\TALLER DE BASE DE DATOS\Unidad II\Blog\system\Database\BaseConnection.php(692): CodeIgniter\Database\MySQLi\Connection->execute('select p.*, c.c...')
#2 C:\Users\Moisés David\Desktop\QUINTO SEMESTRE\TALLER DE BASE DE DATOS\Unidad II\Blog\system\Database\BaseConnection.php(606): CodeIgniter\Database\BaseConnection->simpleQuery('select p.*, c.c...')
#3 C:\Users\Moisés David\Desktop\QUINTO SEMESTRE\TALLER DE BASE DE DATOS\Unidad II\Blog\app\Controllers\PostController.php(50): CodeIgniter\Database\BaseConnection->query('select p.*, c.c...')
#4 C:\Users\Moisés David\Desktop\QUINTO SEMESTRE\TALLER DE BASE DE DATOS\Unidad II\Blog\system\CodeIgniter.php(919): App\Controllers\PostController->Ejercicio6()
#5 C:\Users\Moisés David\Desktop\QUINTO SEMESTRE\TALLER DE BASE DE DATOS\Unidad II\Blog\system\CodeIgniter.php(494): CodeIgniter\CodeIgniter->runController(Object(App\Controllers\PostController))
#6 C:\Users\Moisés David\Desktop\QUINTO SEMESTRE\TALLER DE BASE DE DATOS\Unidad II\Blog\system\CodeIgniter.php(353): CodeIgniter\CodeIgniter->handleRequest(NULL, Object(Config\Cache), false)
#7 C:\Users\Moisés David\Desktop\QUINTO SEMESTRE\TALLER DE BASE DE DATOS\Unidad II\Blog\public\index.php(79): CodeIgniter\CodeIgniter->run()
#8 C:\Users\Moisés David\Desktop\QUINTO SEMESTRE\TALLER DE BASE DE DATOS\Unidad II\Blog\system\Commands\Server\rewrite.php(47): require_once('C:\\Users\\Mois\xC3\xA9...')
#9 {main}
CRITICAL - 2023-10-04 14:27:11 --> You have an error in your SQL syntax; check the manual that corresponds to your MariaDB server version for the right syntax to use near 'group_by category order by category' at line 1
in SYSTEMPATH\Database\BaseConnection.php on line 646.
 1 APPPATH\Controllers\PostController.php(50): CodeIgniter\Database\BaseConnection->query('select p.*, c.category as ccategory, count(*) as ppc from categories as c join posts as p on p.category = c.id group_by category order by category ')
 2 SYSTEMPATH\CodeIgniter.php(919): App\Controllers\PostController->Ejercicio6()
 3 SYSTEMPATH\CodeIgniter.php(494): CodeIgniter\CodeIgniter->runController(Object(App\Controllers\PostController))
 4 SYSTEMPATH\CodeIgniter.php(353): CodeIgniter\CodeIgniter->handleRequest(null, Object(Config\Cache), false)
 5 FCPATH\index.php(79): CodeIgniter\CodeIgniter->run()
 6 SYSTEMPATH\Commands\Server\rewrite.php(47): require_once('C:\\Users\\Moisés David\\Desktop\\QUINTO SEMESTRE\\TALLER DE BASE DE DATOS\\Unidad II\\Blog\\public\\index.php')
ERROR - 2023-10-04 14:27:11 --> mysqli_sql_exception: You have an error in your SQL syntax; check the manual that corresponds to your MariaDB server version for the right syntax to use near 'group_by category order by category' at line 1 in C:\Users\Moisés David\Desktop\QUINTO SEMESTRE\TALLER DE BASE DE DATOS\Unidad II\Blog\system\Database\MySQLi\Connection.php:306
Stack trace:
#0 C:\Users\Moisés David\Desktop\QUINTO SEMESTRE\TALLER DE BASE DE DATOS\Unidad II\Blog\system\Database\MySQLi\Connection.php(306): mysqli->query('select p.*, c.c...', 0)
#1 C:\Users\Moisés David\Desktop\QUINTO SEMESTRE\TALLER DE BASE DE DATOS\Unidad II\Blog\system\Database\BaseConnection.php(692): CodeIgniter\Database\MySQLi\Connection->execute('select p.*, c.c...')
#2 C:\Users\Moisés David\Desktop\QUINTO SEMESTRE\TALLER DE BASE DE DATOS\Unidad II\Blog\system\Database\BaseConnection.php(606): CodeIgniter\Database\BaseConnection->simpleQuery('select p.*, c.c...')
#3 C:\Users\Moisés David\Desktop\QUINTO SEMESTRE\TALLER DE BASE DE DATOS\Unidad II\Blog\app\Controllers\PostController.php(50): CodeIgniter\Database\BaseConnection->query('select p.*, c.c...')
#4 C:\Users\Moisés David\Desktop\QUINTO SEMESTRE\TALLER DE BASE DE DATOS\Unidad II\Blog\system\CodeIgniter.php(919): App\Controllers\PostController->Ejercicio6()
#5 C:\Users\Moisés David\Desktop\QUINTO SEMESTRE\TALLER DE BASE DE DATOS\Unidad II\Blog\system\CodeIgniter.php(494): CodeIgniter\CodeIgniter->runController(Object(App\Controllers\PostController))
#6 C:\Users\Moisés David\Desktop\QUINTO SEMESTRE\TALLER DE BASE DE DATOS\Unidad II\Blog\system\CodeIgniter.php(353): CodeIgniter\CodeIgniter->handleRequest(NULL, Object(Config\Cache), false)
#7 C:\Users\Moisés David\Desktop\QUINTO SEMESTRE\TALLER DE BASE DE DATOS\Unidad II\Blog\public\index.php(79): CodeIgniter\CodeIgniter->run()
#8 C:\Users\Moisés David\Desktop\QUINTO SEMESTRE\TALLER DE BASE DE DATOS\Unidad II\Blog\system\Commands\Server\rewrite.php(47): require_once('C:\\Users\\Mois\xC3\xA9...')
#9 {main}
CRITICAL - 2023-10-04 14:27:11 --> You have an error in your SQL syntax; check the manual that corresponds to your MariaDB server version for the right syntax to use near 'group_by category order by category' at line 1
in SYSTEMPATH\Database\BaseConnection.php on line 646.
 1 APPPATH\Controllers\PostController.php(50): CodeIgniter\Database\BaseConnection->query('select p.*, c.category as ccategory, count(*) as ppc from categories as c join posts as p on p.category = c.id group_by category order by category ')
 2 SYSTEMPATH\CodeIgniter.php(919): App\Controllers\PostController->Ejercicio6()
 3 SYSTEMPATH\CodeIgniter.php(494): CodeIgniter\CodeIgniter->runController(Object(App\Controllers\PostController))
 4 SYSTEMPATH\CodeIgniter.php(353): CodeIgniter\CodeIgniter->handleRequest(null, Object(Config\Cache), false)
 5 FCPATH\index.php(79): CodeIgniter\CodeIgniter->run()
 6 SYSTEMPATH\Commands\Server\rewrite.php(47): require_once('C:\\Users\\Moisés David\\Desktop\\QUINTO SEMESTRE\\TALLER DE BASE DE DATOS\\Unidad II\\Blog\\public\\index.php')
ERROR - 2023-10-04 14:29:31 --> mysqli_sql_exception: You have an error in your SQL syntax; check the manual that corresponds to your MariaDB server version for the right syntax to use near 'group_by category order by category' at line 1 in C:\Users\Moisés David\Desktop\QUINTO SEMESTRE\TALLER DE BASE DE DATOS\Unidad II\Blog\system\Database\MySQLi\Connection.php:306
Stack trace:
#0 C:\Users\Moisés David\Desktop\QUINTO SEMESTRE\TALLER DE BASE DE DATOS\Unidad II\Blog\system\Database\MySQLi\Connection.php(306): mysqli->query('select p.*, c.c...', 0)
#1 C:\Users\Moisés David\Desktop\QUINTO SEMESTRE\TALLER DE BASE DE DATOS\Unidad II\Blog\system\Database\BaseConnection.php(692): CodeIgniter\Database\MySQLi\Connection->execute('select p.*, c.c...')
#2 C:\Users\Moisés David\Desktop\QUINTO SEMESTRE\TALLER DE BASE DE DATOS\Unidad II\Blog\system\Database\BaseConnection.php(606): CodeIgniter\Database\BaseConnection->simpleQuery('select p.*, c.c...')
#3 C:\Users\Moisés David\Desktop\QUINTO SEMESTRE\TALLER DE BASE DE DATOS\Unidad II\Blog\app\Controllers\PostController.php(50): CodeIgniter\Database\BaseConnection->query('select p.*, c.c...')
#4 C:\Users\Moisés David\Desktop\QUINTO SEMESTRE\TALLER DE BASE DE DATOS\Unidad II\Blog\system\CodeIgniter.php(919): App\Controllers\PostController->Ejercicio6()
#5 C:\Users\Moisés David\Desktop\QUINTO SEMESTRE\TALLER DE BASE DE DATOS\Unidad II\Blog\system\CodeIgniter.php(494): CodeIgniter\CodeIgniter->runController(Object(App\Controllers\PostController))
#6 C:\Users\Moisés David\Desktop\QUINTO SEMESTRE\TALLER DE BASE DE DATOS\Unidad II\Blog\system\CodeIgniter.php(353): CodeIgniter\CodeIgniter->handleRequest(NULL, Object(Config\Cache), false)
#7 C:\Users\Moisés David\Desktop\QUINTO SEMESTRE\TALLER DE BASE DE DATOS\Unidad II\Blog\public\index.php(79): CodeIgniter\CodeIgniter->run()
#8 C:\Users\Moisés David\Desktop\QUINTO SEMESTRE\TALLER DE BASE DE DATOS\Unidad II\Blog\system\Commands\Server\rewrite.php(47): require_once('C:\\Users\\Mois\xC3\xA9...')
#9 {main}
CRITICAL - 2023-10-04 14:29:31 --> You have an error in your SQL syntax; check the manual that corresponds to your MariaDB server version for the right syntax to use near 'group_by category order by category' at line 1
in SYSTEMPATH\Database\BaseConnection.php on line 646.
 1 APPPATH\Controllers\PostController.php(50): CodeIgniter\Database\BaseConnection->query('select p.*, c.category as ccategory, count(*) as ppc from categories as c join posts as p on p.category = c.id group_by category order by category ')
 2 SYSTEMPATH\CodeIgniter.php(919): App\Controllers\PostController->Ejercicio6()
 3 SYSTEMPATH\CodeIgniter.php(494): CodeIgniter\CodeIgniter->runController(Object(App\Controllers\PostController))
 4 SYSTEMPATH\CodeIgniter.php(353): CodeIgniter\CodeIgniter->handleRequest(null, Object(Config\Cache), false)
 5 FCPATH\index.php(79): CodeIgniter\CodeIgniter->run()
 6 SYSTEMPATH\Commands\Server\rewrite.php(47): require_once('C:\\Users\\Moisés David\\Desktop\\QUINTO SEMESTRE\\TALLER DE BASE DE DATOS\\Unidad II\\Blog\\public\\index.php')
ERROR - 2023-10-04 14:29:32 --> mysqli_sql_exception: You have an error in your SQL syntax; check the manual that corresponds to your MariaDB server version for the right syntax to use near 'group_by category order by category' at line 1 in C:\Users\Moisés David\Desktop\QUINTO SEMESTRE\TALLER DE BASE DE DATOS\Unidad II\Blog\system\Database\MySQLi\Connection.php:306
Stack trace:
#0 C:\Users\Moisés David\Desktop\QUINTO SEMESTRE\TALLER DE BASE DE DATOS\Unidad II\Blog\system\Database\MySQLi\Connection.php(306): mysqli->query('select p.*, c.c...', 0)
#1 C:\Users\Moisés David\Desktop\QUINTO SEMESTRE\TALLER DE BASE DE DATOS\Unidad II\Blog\system\Database\BaseConnection.php(692): CodeIgniter\Database\MySQLi\Connection->execute('select p.*, c.c...')
#2 C:\Users\Moisés David\Desktop\QUINTO SEMESTRE\TALLER DE BASE DE DATOS\Unidad II\Blog\system\Database\BaseConnection.php(606): CodeIgniter\Database\BaseConnection->simpleQuery('select p.*, c.c...')
#3 C:\Users\Moisés David\Desktop\QUINTO SEMESTRE\TALLER DE BASE DE DATOS\Unidad II\Blog\app\Controllers\PostController.php(50): CodeIgniter\Database\BaseConnection->query('select p.*, c.c...')
#4 C:\Users\Moisés David\Desktop\QUINTO SEMESTRE\TALLER DE BASE DE DATOS\Unidad II\Blog\system\CodeIgniter.php(919): App\Controllers\PostController->Ejercicio6()
#5 C:\Users\Moisés David\Desktop\QUINTO SEMESTRE\TALLER DE BASE DE DATOS\Unidad II\Blog\system\CodeIgniter.php(494): CodeIgniter\CodeIgniter->runController(Object(App\Controllers\PostController))
#6 C:\Users\Moisés David\Desktop\QUINTO SEMESTRE\TALLER DE BASE DE DATOS\Unidad II\Blog\system\CodeIgniter.php(353): CodeIgniter\CodeIgniter->handleRequest(NULL, Object(Config\Cache), false)
#7 C:\Users\Moisés David\Desktop\QUINTO SEMESTRE\TALLER DE BASE DE DATOS\Unidad II\Blog\public\index.php(79): CodeIgniter\CodeIgniter->run()
#8 C:\Users\Moisés David\Desktop\QUINTO SEMESTRE\TALLER DE BASE DE DATOS\Unidad II\Blog\system\Commands\Server\rewrite.php(47): require_once('C:\\Users\\Mois\xC3\xA9...')
#9 {main}
CRITICAL - 2023-10-04 14:29:32 --> You have an error in your SQL syntax; check the manual that corresponds to your MariaDB server version for the right syntax to use near 'group_by category order by category' at line 1
in SYSTEMPATH\Database\BaseConnection.php on line 646.
 1 APPPATH\Controllers\PostController.php(50): CodeIgniter\Database\BaseConnection->query('select p.*, c.category as ccategory, count(*) as ppc from categories as c join posts as p on p.category = c.id group_by category order by category ')
 2 SYSTEMPATH\CodeIgniter.php(919): App\Controllers\PostController->Ejercicio6()
 3 SYSTEMPATH\CodeIgniter.php(494): CodeIgniter\CodeIgniter->runController(Object(App\Controllers\PostController))
 4 SYSTEMPATH\CodeIgniter.php(353): CodeIgniter\CodeIgniter->handleRequest(null, Object(Config\Cache), false)
 5 FCPATH\index.php(79): CodeIgniter\CodeIgniter->run()
 6 SYSTEMPATH\Commands\Server\rewrite.php(47): require_once('C:\\Users\\Moisés David\\Desktop\\QUINTO SEMESTRE\\TALLER DE BASE DE DATOS\\Unidad II\\Blog\\public\\index.php')
ERROR - 2023-10-04 14:30:21 --> mysqli_sql_exception: You have an error in your SQL syntax; check the manual that corresponds to your MariaDB server version for the right syntax to use near 'group_by category order by category' at line 1 in C:\Users\Moisés David\Desktop\QUINTO SEMESTRE\TALLER DE BASE DE DATOS\Unidad II\Blog\system\Database\MySQLi\Connection.php:306
Stack trace:
#0 C:\Users\Moisés David\Desktop\QUINTO SEMESTRE\TALLER DE BASE DE DATOS\Unidad II\Blog\system\Database\MySQLi\Connection.php(306): mysqli->query('select p.*, c.c...', 0)
#1 C:\Users\Moisés David\Desktop\QUINTO SEMESTRE\TALLER DE BASE DE DATOS\Unidad II\Blog\system\Database\BaseConnection.php(692): CodeIgniter\Database\MySQLi\Connection->execute('select p.*, c.c...')
#2 C:\Users\Moisés David\Desktop\QUINTO SEMESTRE\TALLER DE BASE DE DATOS\Unidad II\Blog\system\Database\BaseConnection.php(606): CodeIgniter\Database\BaseConnection->simpleQuery('select p.*, c.c...')
#3 C:\Users\Moisés David\Desktop\QUINTO SEMESTRE\TALLER DE BASE DE DATOS\Unidad II\Blog\app\Controllers\PostController.php(45): CodeIgniter\Database\BaseConnection->query('select p.*, c.c...')
#4 C:\Users\Moisés David\Desktop\QUINTO SEMESTRE\TALLER DE BASE DE DATOS\Unidad II\Blog\system\CodeIgniter.php(919): App\Controllers\PostController->Ejercicio6()
#5 C:\Users\Moisés David\Desktop\QUINTO SEMESTRE\TALLER DE BASE DE DATOS\Unidad II\Blog\system\CodeIgniter.php(494): CodeIgniter\CodeIgniter->runController(Object(App\Controllers\PostController))
#6 C:\Users\Moisés David\Desktop\QUINTO SEMESTRE\TALLER DE BASE DE DATOS\Unidad II\Blog\system\CodeIgniter.php(353): CodeIgniter\CodeIgniter->handleRequest(NULL, Object(Config\Cache), false)
#7 C:\Users\Moisés David\Desktop\QUINTO SEMESTRE\TALLER DE BASE DE DATOS\Unidad II\Blog\public\index.php(79): CodeIgniter\CodeIgniter->run()
#8 C:\Users\Moisés David\Desktop\QUINTO SEMESTRE\TALLER DE BASE DE DATOS\Unidad II\Blog\system\Commands\Server\rewrite.php(47): require_once('C:\\Users\\Mois\xC3\xA9...')
#9 {main}
CRITICAL - 2023-10-04 14:30:21 --> You have an error in your SQL syntax; check the manual that corresponds to your MariaDB server version for the right syntax to use near 'group_by category order by category' at line 1
in SYSTEMPATH\Database\BaseConnection.php on line 646.
 1 APPPATH\Controllers\PostController.php(45): CodeIgniter\Database\BaseConnection->query('select p.*, c.category as ccategory, count(*) as ppc from categories as c join posts as p on p.category = c.id group_by category order by category ')
 2 SYSTEMPATH\CodeIgniter.php(919): App\Controllers\PostController->Ejercicio6()
 3 SYSTEMPATH\CodeIgniter.php(494): CodeIgniter\CodeIgniter->runController(Object(App\Controllers\PostController))
 4 SYSTEMPATH\CodeIgniter.php(353): CodeIgniter\CodeIgniter->handleRequest(null, Object(Config\Cache), false)
 5 FCPATH\index.php(79): CodeIgniter\CodeIgniter->run()
 6 SYSTEMPATH\Commands\Server\rewrite.php(47): require_once('C:\\Users\\Moisés David\\Desktop\\QUINTO SEMESTRE\\TALLER DE BASE DE DATOS\\Unidad II\\Blog\\public\\index.php')
ERROR - 2023-10-04 14:30:22 --> mysqli_sql_exception: You have an error in your SQL syntax; check the manual that corresponds to your MariaDB server version for the right syntax to use near 'group_by category order by category' at line 1 in C:\Users\Moisés David\Desktop\QUINTO SEMESTRE\TALLER DE BASE DE DATOS\Unidad II\Blog\system\Database\MySQLi\Connection.php:306
Stack trace:
#0 C:\Users\Moisés David\Desktop\QUINTO SEMESTRE\TALLER DE BASE DE DATOS\Unidad II\Blog\system\Database\MySQLi\Connection.php(306): mysqli->query('select p.*, c.c...', 0)
#1 C:\Users\Moisés David\Desktop\QUINTO SEMESTRE\TALLER DE BASE DE DATOS\Unidad II\Blog\system\Database\BaseConnection.php(692): CodeIgniter\Database\MySQLi\Connection->execute('select p.*, c.c...')
#2 C:\Users\Moisés David\Desktop\QUINTO SEMESTRE\TALLER DE BASE DE DATOS\Unidad II\Blog\system\Database\BaseConnection.php(606): CodeIgniter\Database\BaseConnection->simpleQuery('select p.*, c.c...')
#3 C:\Users\Moisés David\Desktop\QUINTO SEMESTRE\TALLER DE BASE DE DATOS\Unidad II\Blog\app\Controllers\PostController.php(45): CodeIgniter\Database\BaseConnection->query('select p.*, c.c...')
#4 C:\Users\Moisés David\Desktop\QUINTO SEMESTRE\TALLER DE BASE DE DATOS\Unidad II\Blog\system\CodeIgniter.php(919): App\Controllers\PostController->Ejercicio6()
#5 C:\Users\Moisés David\Desktop\QUINTO SEMESTRE\TALLER DE BASE DE DATOS\Unidad II\Blog\system\CodeIgniter.php(494): CodeIgniter\CodeIgniter->runController(Object(App\Controllers\PostController))
#6 C:\Users\Moisés David\Desktop\QUINTO SEMESTRE\TALLER DE BASE DE DATOS\Unidad II\Blog\system\CodeIgniter.php(353): CodeIgniter\CodeIgniter->handleRequest(NULL, Object(Config\Cache), false)
#7 C:\Users\Moisés David\Desktop\QUINTO SEMESTRE\TALLER DE BASE DE DATOS\Unidad II\Blog\public\index.php(79): CodeIgniter\CodeIgniter->run()
#8 C:\Users\Moisés David\Desktop\QUINTO SEMESTRE\TALLER DE BASE DE DATOS\Unidad II\Blog\system\Commands\Server\rewrite.php(47): require_once('C:\\Users\\Mois\xC3\xA9...')
#9 {main}
CRITICAL - 2023-10-04 14:30:22 --> You have an error in your SQL syntax; check the manual that corresponds to your MariaDB server version for the right syntax to use near 'group_by category order by category' at line 1
in SYSTEMPATH\Database\BaseConnection.php on line 646.
 1 APPPATH\Controllers\PostController.php(45): CodeIgniter\Database\BaseConnection->query('select p.*, c.category as ccategory, count(*) as ppc from categories as c join posts as p on p.category = c.id group_by category order by category ')
 2 SYSTEMPATH\CodeIgniter.php(919): App\Controllers\PostController->Ejercicio6()
 3 SYSTEMPATH\CodeIgniter.php(494): CodeIgniter\CodeIgniter->runController(Object(App\Controllers\PostController))
 4 SYSTEMPATH\CodeIgniter.php(353): CodeIgniter\CodeIgniter->handleRequest(null, Object(Config\Cache), false)
 5 FCPATH\index.php(79): CodeIgniter\CodeIgniter->run()
 6 SYSTEMPATH\Commands\Server\rewrite.php(47): require_once('C:\\Users\\Moisés David\\Desktop\\QUINTO SEMESTRE\\TALLER DE BASE DE DATOS\\Unidad II\\Blog\\public\\index.php')
