CRITICAL - 2023-10-03 15:50:18 --> The framework needs the following extension(s) installed and loaded: intl.
in SYSTEMPATH\CodeIgniter.php on line 246.
 1 SYSTEMPATH\CodeIgniter.php(246): CodeIgniter\Exceptions\FrameworkException::forMissingExtension('intl')
 2 SYSTEMPATH\CodeIgniter.php(210): CodeIgniter\CodeIgniter->resolvePlatformExtensions()
 3 ROOTPATH\spark(88): CodeIgniter\CodeIgniter->initialize()
CRITICAL - 2023-10-03 15:50:18 --> Uncaught Error: Class "Locale" not found in C:\Users\Moisés David\Desktop\QUINTO SEMESTRE\TALLER DE BASE DE DATOS\Unidad II\Blog\system\I18n\TimeTrait.php:74
Stack trace:
#0 C:\Users\Moisés David\Desktop\QUINTO SEMESTRE\TALLER DE BASE DE DATOS\Unidad II\Blog\system\I18n\TimeTrait.php(115): CodeIgniter\I18n\Time->__construct(NULL, NULL, NULL)
#1 C:\Users\Moisés David\Desktop\QUINTO SEMESTRE\TALLER DE BASE DE DATOS\Unidad II\Blog\system\HTTP\ResponseTrait.php(468): CodeIgniter\I18n\Time::now()
#2 C:\Users\Moisés David\Desktop\QUINTO SEMESTRE\TALLER DE BASE DE DATOS\Unidad II\Blog\system\HTTP\ResponseTrait.php(446): CodeIgniter\HTTP\Response->sendHeaders()
#3 C:\Users\Moisés David\Desktop\QUINTO SEMESTRE\TALLER DE BASE DE DATOS\Unidad II\Blog\system\Debug\ExceptionHandler.php(78): CodeIgniter\HTTP\Response->send()
#4 C:\Users\Moisés David\Desktop\QUINTO SEMESTRE\TALLER DE BASE DE DATOS\Unidad II\Blog\system\Debug\Exceptions.php(146): CodeIgniter\Debug\ExceptionHandler->handle(Object(CodeIgniter\Exceptions\FrameworkException), Object(CodeIgniter\HTTP\IncomingRequest), Object(CodeIgniter\HTTP\Response), 500, 1)
#5 [internal function]: CodeIgniter\Debug\Exceptions->exceptionHandler(Object(CodeIgniter\Exceptions\FrameworkException))
#6 {main}
  thrown
【Previous Exception】
CodeIgniter\Exceptions\FrameworkException
The framework needs the following extension(s) installed and loaded: intl.
#0 C:\Users\Moisés David\Desktop\QUINTO SEMESTRE\TALLER DE BASE DE DATOS\Unidad II\Blog\system\CodeIgniter.php(246): CodeIgniter\Exceptions\FrameworkException::forMissingExtension('intl')
#1 C:\Users\Moisés David\Desktop\QUINTO SEMESTRE\TALLER DE BASE DE DATOS\Unidad II\Blog\system\CodeIgniter.php(210): CodeIgniter\CodeIgniter->resolvePlatformExtensions()
#2 C:\Users\Moisés David\Desktop\QUINTO SEMESTRE\TALLER DE BASE DE DATOS\Unidad II\Blog\spark(88): CodeIgniter\CodeIgniter->initialize()
#3 {main}
in SYSTEMPATH\I18n\TimeTrait.php on line 74.
 1 [internal function]: CodeIgniter\Debug\Exceptions->shutdownHandler()
CRITICAL - 2023-10-03 15:51:03 --> The framework needs the following extension(s) installed and loaded: intl.
in SYSTEMPATH\CodeIgniter.php on line 246.
 1 SYSTEMPATH\CodeIgniter.php(246): CodeIgniter\Exceptions\FrameworkException::forMissingExtension('intl')
 2 SYSTEMPATH\CodeIgniter.php(210): CodeIgniter\CodeIgniter->resolvePlatformExtensions()
 3 ROOTPATH\spark(88): CodeIgniter\CodeIgniter->initialize()
CRITICAL - 2023-10-03 15:51:03 --> Uncaught Error: Class "Locale" not found in C:\Users\Moisés David\Desktop\QUINTO SEMESTRE\TALLER DE BASE DE DATOS\Unidad II\Blog\system\I18n\TimeTrait.php:74
Stack trace:
#0 C:\Users\Moisés David\Desktop\QUINTO SEMESTRE\TALLER DE BASE DE DATOS\Unidad II\Blog\system\I18n\TimeTrait.php(115): CodeIgniter\I18n\Time->__construct(NULL, NULL, NULL)
#1 C:\Users\Moisés David\Desktop\QUINTO SEMESTRE\TALLER DE BASE DE DATOS\Unidad II\Blog\system\HTTP\ResponseTrait.php(468): CodeIgniter\I18n\Time::now()
#2 C:\Users\Moisés David\Desktop\QUINTO SEMESTRE\TALLER DE BASE DE DATOS\Unidad II\Blog\system\HTTP\ResponseTrait.php(446): CodeIgniter\HTTP\Response->sendHeaders()
#3 C:\Users\Moisés David\Desktop\QUINTO SEMESTRE\TALLER DE BASE DE DATOS\Unidad II\Blog\system\Debug\ExceptionHandler.php(78): CodeIgniter\HTTP\Response->send()
#4 C:\Users\Moisés David\Desktop\QUINTO SEMESTRE\TALLER DE BASE DE DATOS\Unidad II\Blog\system\Debug\Exceptions.php(146): CodeIgniter\Debug\ExceptionHandler->handle(Object(CodeIgniter\Exceptions\FrameworkException), Object(CodeIgniter\HTTP\IncomingRequest), Object(CodeIgniter\HTTP\Response), 500, 1)
#5 [internal function]: CodeIgniter\Debug\Exceptions->exceptionHandler(Object(CodeIgniter\Exceptions\FrameworkException))
#6 {main}
  thrown
【Previous Exception】
CodeIgniter\Exceptions\FrameworkException
The framework needs the following extension(s) installed and loaded: intl.
#0 C:\Users\Moisés David\Desktop\QUINTO SEMESTRE\TALLER DE BASE DE DATOS\Unidad II\Blog\system\CodeIgniter.php(246): CodeIgniter\Exceptions\FrameworkException::forMissingExtension('intl')
#1 C:\Users\Moisés David\Desktop\QUINTO SEMESTRE\TALLER DE BASE DE DATOS\Unidad II\Blog\system\CodeIgniter.php(210): CodeIgniter\CodeIgniter->resolvePlatformExtensions()
#2 C:\Users\Moisés David\Desktop\QUINTO SEMESTRE\TALLER DE BASE DE DATOS\Unidad II\Blog\spark(88): CodeIgniter\CodeIgniter->initialize()
#3 {main}
in SYSTEMPATH\I18n\TimeTrait.php on line 74.
 1 [internal function]: CodeIgniter\Debug\Exceptions->shutdownHandler()
CRITICAL - 2023-10-03 15:56:13 --> The framework needs the following extension(s) installed and loaded: intl.
in SYSTEMPATH\CodeIgniter.php on line 246.
 1 SYSTEMPATH\CodeIgniter.php(246): CodeIgniter\Exceptions\FrameworkException::forMissingExtension('intl')
 2 SYSTEMPATH\CodeIgniter.php(210): CodeIgniter\CodeIgniter->resolvePlatformExtensions()
 3 ROOTPATH\spark(88): CodeIgniter\CodeIgniter->initialize()
CRITICAL - 2023-10-03 15:56:13 --> Uncaught Error: Class "Locale" not found in C:\Users\Moisés David\Desktop\QUINTO SEMESTRE\TALLER DE BASE DE DATOS\Unidad II\Blog\system\I18n\TimeTrait.php:74
Stack trace:
#0 C:\Users\Moisés David\Desktop\QUINTO SEMESTRE\TALLER DE BASE DE DATOS\Unidad II\Blog\system\I18n\TimeTrait.php(115): CodeIgniter\I18n\Time->__construct(NULL, NULL, NULL)
#1 C:\Users\Moisés David\Desktop\QUINTO SEMESTRE\TALLER DE BASE DE DATOS\Unidad II\Blog\system\HTTP\ResponseTrait.php(468): CodeIgniter\I18n\Time::now()
#2 C:\Users\Moisés David\Desktop\QUINTO SEMESTRE\TALLER DE BASE DE DATOS\Unidad II\Blog\system\HTTP\ResponseTrait.php(446): CodeIgniter\HTTP\Response->sendHeaders()
#3 C:\Users\Moisés David\Desktop\QUINTO SEMESTRE\TALLER DE BASE DE DATOS\Unidad II\Blog\system\Debug\ExceptionHandler.php(78): CodeIgniter\HTTP\Response->send()
#4 C:\Users\Moisés David\Desktop\QUINTO SEMESTRE\TALLER DE BASE DE DATOS\Unidad II\Blog\system\Debug\Exceptions.php(146): CodeIgniter\Debug\ExceptionHandler->handle(Object(CodeIgniter\Exceptions\FrameworkException), Object(CodeIgniter\HTTP\IncomingRequest), Object(CodeIgniter\HTTP\Response), 500, 1)
#5 [internal function]: CodeIgniter\Debug\Exceptions->exceptionHandler(Object(CodeIgniter\Exceptions\FrameworkException))
#6 {main}
  thrown
【Previous Exception】
CodeIgniter\Exceptions\FrameworkException
The framework needs the following extension(s) installed and loaded: intl.
#0 C:\Users\Moisés David\Desktop\QUINTO SEMESTRE\TALLER DE BASE DE DATOS\Unidad II\Blog\system\CodeIgniter.php(246): CodeIgniter\Exceptions\FrameworkException::forMissingExtension('intl')
#1 C:\Users\Moisés David\Desktop\QUINTO SEMESTRE\TALLER DE BASE DE DATOS\Unidad II\Blog\system\CodeIgniter.php(210): CodeIgniter\CodeIgniter->resolvePlatformExtensions()
#2 C:\Users\Moisés David\Desktop\QUINTO SEMESTRE\TALLER DE BASE DE DATOS\Unidad II\Blog\spark(88): CodeIgniter\CodeIgniter->initialize()
#3 {main}
in SYSTEMPATH\I18n\TimeTrait.php on line 74.
 1 [internal function]: CodeIgniter\Debug\Exceptions->shutdownHandler()
CRITICAL - 2023-10-03 15:57:41 --> The framework needs the following extension(s) installed and loaded: intl.
in SYSTEMPATH\CodeIgniter.php on line 246.
 1 SYSTEMPATH\CodeIgniter.php(246): CodeIgniter\Exceptions\FrameworkException::forMissingExtension('intl')
 2 SYSTEMPATH\CodeIgniter.php(210): CodeIgniter\CodeIgniter->resolvePlatformExtensions()
 3 ROOTPATH\spark(88): CodeIgniter\CodeIgniter->initialize()
CRITICAL - 2023-10-03 15:57:41 --> Uncaught Error: Class "Locale" not found in C:\Users\Moisés David\Desktop\QUINTO SEMESTRE\TALLER DE BASE DE DATOS\Unidad II\Blog\system\I18n\TimeTrait.php:74
Stack trace:
#0 C:\Users\Moisés David\Desktop\QUINTO SEMESTRE\TALLER DE BASE DE DATOS\Unidad II\Blog\system\I18n\TimeTrait.php(115): CodeIgniter\I18n\Time->__construct(NULL, NULL, NULL)
#1 C:\Users\Moisés David\Desktop\QUINTO SEMESTRE\TALLER DE BASE DE DATOS\Unidad II\Blog\system\HTTP\ResponseTrait.php(468): CodeIgniter\I18n\Time::now()
#2 C:\Users\Moisés David\Desktop\QUINTO SEMESTRE\TALLER DE BASE DE DATOS\Unidad II\Blog\system\HTTP\ResponseTrait.php(446): CodeIgniter\HTTP\Response->sendHeaders()
#3 C:\Users\Moisés David\Desktop\QUINTO SEMESTRE\TALLER DE BASE DE DATOS\Unidad II\Blog\system\Debug\ExceptionHandler.php(78): CodeIgniter\HTTP\Response->send()
#4 C:\Users\Moisés David\Desktop\QUINTO SEMESTRE\TALLER DE BASE DE DATOS\Unidad II\Blog\system\Debug\Exceptions.php(146): CodeIgniter\Debug\ExceptionHandler->handle(Object(CodeIgniter\Exceptions\FrameworkException), Object(CodeIgniter\HTTP\IncomingRequest), Object(CodeIgniter\HTTP\Response), 500, 1)
#5 [internal function]: CodeIgniter\Debug\Exceptions->exceptionHandler(Object(CodeIgniter\Exceptions\FrameworkException))
#6 {main}
  thrown
【Previous Exception】
CodeIgniter\Exceptions\FrameworkException
The framework needs the following extension(s) installed and loaded: intl.
#0 C:\Users\Moisés David\Desktop\QUINTO SEMESTRE\TALLER DE BASE DE DATOS\Unidad II\Blog\system\CodeIgniter.php(246): CodeIgniter\Exceptions\FrameworkException::forMissingExtension('intl')
#1 C:\Users\Moisés David\Desktop\QUINTO SEMESTRE\TALLER DE BASE DE DATOS\Unidad II\Blog\system\CodeIgniter.php(210): CodeIgniter\CodeIgniter->resolvePlatformExtensions()
#2 C:\Users\Moisés David\Desktop\QUINTO SEMESTRE\TALLER DE BASE DE DATOS\Unidad II\Blog\spark(88): CodeIgniter\CodeIgniter->initialize()
#3 {main}
in SYSTEMPATH\I18n\TimeTrait.php on line 74.
 1 [internal function]: CodeIgniter\Debug\Exceptions->shutdownHandler()
ERROR - 2023-10-03 13:58:36 --> Error connecting to the database: mysqli_sql_exception: Access denied for user ''@'localhost' (using password: NO) in C:\Users\Moisés David\Desktop\QUINTO SEMESTRE\TALLER DE BASE DE DATOS\Unidad II\Blog\system\Database\MySQLi\Connection.php:184
Stack trace:
#0 C:\Users\Moisés David\Desktop\QUINTO SEMESTRE\TALLER DE BASE DE DATOS\Unidad II\Blog\system\Database\MySQLi\Connection.php(184): mysqli->real_connect('localhost', '', Object(SensitiveParameterValue), '', 3306, '', 0)
#1 C:\Users\Moisés David\Desktop\QUINTO SEMESTRE\TALLER DE BASE DE DATOS\Unidad II\Blog\system\Database\BaseConnection.php(391): CodeIgniter\Database\MySQLi\Connection->connect(false)
#2 C:\Users\Moisés David\Desktop\QUINTO SEMESTRE\TALLER DE BASE DE DATOS\Unidad II\Blog\system\Database\BaseConnection.php(574): CodeIgniter\Database\BaseConnection->initialize()
#3 C:\Users\Moisés David\Desktop\QUINTO SEMESTRE\TALLER DE BASE DE DATOS\Unidad II\Blog\app\Controllers\PostController.php(12): CodeIgniter\Database\BaseConnection->query('select * from p...')
#4 C:\Users\Moisés David\Desktop\QUINTO SEMESTRE\TALLER DE BASE DE DATOS\Unidad II\Blog\system\CodeIgniter.php(919): App\Controllers\PostController->Ejercicio1()
#5 C:\Users\Moisés David\Desktop\QUINTO SEMESTRE\TALLER DE BASE DE DATOS\Unidad II\Blog\system\CodeIgniter.php(494): CodeIgniter\CodeIgniter->runController(Object(App\Controllers\PostController))
#6 C:\Users\Moisés David\Desktop\QUINTO SEMESTRE\TALLER DE BASE DE DATOS\Unidad II\Blog\system\CodeIgniter.php(353): CodeIgniter\CodeIgniter->handleRequest(NULL, Object(Config\Cache), false)
#7 C:\Users\Moisés David\Desktop\QUINTO SEMESTRE\TALLER DE BASE DE DATOS\Unidad II\Blog\public\index.php(79): CodeIgniter\CodeIgniter->run()
#8 C:\Users\Moisés David\Desktop\QUINTO SEMESTRE\TALLER DE BASE DE DATOS\Unidad II\Blog\system\Commands\Server\rewrite.php(47): require_once('C:\\Users\\Mois\xC3\xA9...')
#9 {main}

Next CodeIgniter\Database\Exceptions\DatabaseException: Access denied for user ''@'localhost' (using password: NO) in C:\Users\Moisés David\Desktop\QUINTO SEMESTRE\TALLER DE BASE DE DATOS\Unidad II\Blog\system\Database\MySQLi\Connection.php:229
Stack trace:
#0 C:\Users\Moisés David\Desktop\QUINTO SEMESTRE\TALLER DE BASE DE DATOS\Unidad II\Blog\system\Database\BaseConnection.php(391): CodeIgniter\Database\MySQLi\Connection->connect(false)
#1 C:\Users\Moisés David\Desktop\QUINTO SEMESTRE\TALLER DE BASE DE DATOS\Unidad II\Blog\system\Database\BaseConnection.php(574): CodeIgniter\Database\BaseConnection->initialize()
#2 C:\Users\Moisés David\Desktop\QUINTO SEMESTRE\TALLER DE BASE DE DATOS\Unidad II\Blog\app\Controllers\PostController.php(12): CodeIgniter\Database\BaseConnection->query('select * from p...')
#3 C:\Users\Moisés David\Desktop\QUINTO SEMESTRE\TALLER DE BASE DE DATOS\Unidad II\Blog\system\CodeIgniter.php(919): App\Controllers\PostController->Ejercicio1()
#4 C:\Users\Moisés David\Desktop\QUINTO SEMESTRE\TALLER DE BASE DE DATOS\Unidad II\Blog\system\CodeIgniter.php(494): CodeIgniter\CodeIgniter->runController(Object(App\Controllers\PostController))
#5 C:\Users\Moisés David\Desktop\QUINTO SEMESTRE\TALLER DE BASE DE DATOS\Unidad II\Blog\system\CodeIgniter.php(353): CodeIgniter\CodeIgniter->handleRequest(NULL, Object(Config\Cache), false)
#6 C:\Users\Moisés David\Desktop\QUINTO SEMESTRE\TALLER DE BASE DE DATOS\Unidad II\Blog\public\index.php(79): CodeIgniter\CodeIgniter->run()
#7 C:\Users\Moisés David\Desktop\QUINTO SEMESTRE\TALLER DE BASE DE DATOS\Unidad II\Blog\system\Commands\Server\rewrite.php(47): require_once('C:\\Users\\Mois\xC3\xA9...')
#8 {main}
CRITICAL - 2023-10-03 13:58:36 --> Unable to connect to the database.
Main connection [MySQLi]: Access denied for user ''@'localhost' (using password: NO)
in SYSTEMPATH\Database\BaseConnection.php on line 427.
 1 SYSTEMPATH\Database\BaseConnection.php(574): CodeIgniter\Database\BaseConnection->initialize()
 2 APPPATH\Controllers\PostController.php(12): CodeIgniter\Database\BaseConnection->query('select * from posts limit 5')
 3 SYSTEMPATH\CodeIgniter.php(919): App\Controllers\PostController->Ejercicio1()
 4 SYSTEMPATH\CodeIgniter.php(494): CodeIgniter\CodeIgniter->runController(Object(App\Controllers\PostController))
 5 SYSTEMPATH\CodeIgniter.php(353): CodeIgniter\CodeIgniter->handleRequest(null, Object(Config\Cache), false)
 6 FCPATH\index.php(79): CodeIgniter\CodeIgniter->run()
 7 SYSTEMPATH\Commands\Server\rewrite.php(47): require_once('C:\\Users\\Moisés David\\Desktop\\QUINTO SEMESTRE\\TALLER DE BASE DE DATOS\\Unidad II\\Blog\\public\\index.php')
CRITICAL - 2023-10-03 14:34:55 --> Undefined array key "id"
in APPPATH\Views\posts\Ejercicio01.php on line 15.
 1 APPPATH\Views\posts\Ejercicio01.php(15): CodeIgniter\Debug\Exceptions->errorHandler(2, 'Undefined array key "id"', 'C:\\Users\\Moisés David\\Desktop\\QUINTO SEMESTRE\\TALLER DE BASE DE DATOS\\Unidad II\\Blog\\app\\Views\\posts\\Ejercicio01.php', 15)
 2 SYSTEMPATH\View\View.php(226): include('C:\\Users\\Moisés David\\Desktop\\QUINTO SEMESTRE\\TALLER DE BASE DE DATOS\\Unidad II\\Blog\\app\\Views\\posts\\Ejercicio01.php')
 3 SYSTEMPATH\View\View.php(229): CodeIgniter\View\View->CodeIgniter\View\{closure}()
 4 SYSTEMPATH\Common.php(1188): CodeIgniter\View\View->render('posts/Ejercicio01', [], true)
 5 APPPATH\Controllers\PostController.php(22): view('posts/Ejercicio01', [...])
 6 SYSTEMPATH\CodeIgniter.php(919): App\Controllers\PostController->Ejercicio1()
 7 SYSTEMPATH\CodeIgniter.php(494): CodeIgniter\CodeIgniter->runController(Object(App\Controllers\PostController))
 8 SYSTEMPATH\CodeIgniter.php(353): CodeIgniter\CodeIgniter->handleRequest(null, Object(Config\Cache), false)
 9 FCPATH\index.php(79): CodeIgniter\CodeIgniter->run()
10 SYSTEMPATH\Commands\Server\rewrite.php(47): require_once('C:\\Users\\Moisés David\\Desktop\\QUINTO SEMESTRE\\TALLER DE BASE DE DATOS\\Unidad II\\Blog\\public\\index.php')
CRITICAL - 2023-10-03 14:35:50 --> Undefined variable $post
in APPPATH\Views\posts\Ejercicio01.php on line 15.
 1 APPPATH\Views\posts\Ejercicio01.php(15): CodeIgniter\Debug\Exceptions->errorHandler(2, 'Undefined variable $post', 'C:\\Users\\Moisés David\\Desktop\\QUINTO SEMESTRE\\TALLER DE BASE DE DATOS\\Unidad II\\Blog\\app\\Views\\posts\\Ejercicio01.php', 15)
 2 SYSTEMPATH\View\View.php(226): include('C:\\Users\\Moisés David\\Desktop\\QUINTO SEMESTRE\\TALLER DE BASE DE DATOS\\Unidad II\\Blog\\app\\Views\\posts\\Ejercicio01.php')
 3 SYSTEMPATH\View\View.php(229): CodeIgniter\View\View->CodeIgniter\View\{closure}()
 4 SYSTEMPATH\Common.php(1188): CodeIgniter\View\View->render('posts/Ejercicio01', [], true)
 5 APPPATH\Controllers\PostController.php(22): view('posts/Ejercicio01', [...])
 6 SYSTEMPATH\CodeIgniter.php(919): App\Controllers\PostController->Ejercicio1()
 7 SYSTEMPATH\CodeIgniter.php(494): CodeIgniter\CodeIgniter->runController(Object(App\Controllers\PostController))
 8 SYSTEMPATH\CodeIgniter.php(353): CodeIgniter\CodeIgniter->handleRequest(null, Object(Config\Cache), false)
 9 FCPATH\index.php(79): CodeIgniter\CodeIgniter->run()
10 SYSTEMPATH\Commands\Server\rewrite.php(47): require_once('C:\\Users\\Moisés David\\Desktop\\QUINTO SEMESTRE\\TALLER DE BASE DE DATOS\\Unidad II\\Blog\\public\\index.php')
CRITICAL - 2023-10-03 14:35:56 --> Undefined array key "id"
in APPPATH\Views\posts\Ejercicio01.php on line 15.
 1 APPPATH\Views\posts\Ejercicio01.php(15): CodeIgniter\Debug\Exceptions->errorHandler(2, 'Undefined array key "id"', 'C:\\Users\\Moisés David\\Desktop\\QUINTO SEMESTRE\\TALLER DE BASE DE DATOS\\Unidad II\\Blog\\app\\Views\\posts\\Ejercicio01.php', 15)
 2 SYSTEMPATH\View\View.php(226): include('C:\\Users\\Moisés David\\Desktop\\QUINTO SEMESTRE\\TALLER DE BASE DE DATOS\\Unidad II\\Blog\\app\\Views\\posts\\Ejercicio01.php')
 3 SYSTEMPATH\View\View.php(229): CodeIgniter\View\View->CodeIgniter\View\{closure}()
 4 SYSTEMPATH\Common.php(1188): CodeIgniter\View\View->render('posts/Ejercicio01', [], true)
 5 APPPATH\Controllers\PostController.php(22): view('posts/Ejercicio01', [...])
 6 SYSTEMPATH\CodeIgniter.php(919): App\Controllers\PostController->Ejercicio1()
 7 SYSTEMPATH\CodeIgniter.php(494): CodeIgniter\CodeIgniter->runController(Object(App\Controllers\PostController))
 8 SYSTEMPATH\CodeIgniter.php(353): CodeIgniter\CodeIgniter->handleRequest(null, Object(Config\Cache), false)
 9 FCPATH\index.php(79): CodeIgniter\CodeIgniter->run()
10 SYSTEMPATH\Commands\Server\rewrite.php(47): require_once('C:\\Users\\Moisés David\\Desktop\\QUINTO SEMESTRE\\TALLER DE BASE DE DATOS\\Unidad II\\Blog\\public\\index.php')
CRITICAL - 2023-10-03 14:36:10 --> Undefined array key "id"
in APPPATH\Views\posts\Ejercicio01.php on line 15.
 1 APPPATH\Views\posts\Ejercicio01.php(15): CodeIgniter\Debug\Exceptions->errorHandler(2, 'Undefined array key "id"', 'C:\\Users\\Moisés David\\Desktop\\QUINTO SEMESTRE\\TALLER DE BASE DE DATOS\\Unidad II\\Blog\\app\\Views\\posts\\Ejercicio01.php', 15)
 2 SYSTEMPATH\View\View.php(226): include('C:\\Users\\Moisés David\\Desktop\\QUINTO SEMESTRE\\TALLER DE BASE DE DATOS\\Unidad II\\Blog\\app\\Views\\posts\\Ejercicio01.php')
 3 SYSTEMPATH\View\View.php(229): CodeIgniter\View\View->CodeIgniter\View\{closure}()
 4 SYSTEMPATH\Common.php(1188): CodeIgniter\View\View->render('posts/Ejercicio01', [], true)
 5 APPPATH\Controllers\PostController.php(22): view('posts/Ejercicio01', [...])
 6 SYSTEMPATH\CodeIgniter.php(919): App\Controllers\PostController->Ejercicio1()
 7 SYSTEMPATH\CodeIgniter.php(494): CodeIgniter\CodeIgniter->runController(Object(App\Controllers\PostController))
 8 SYSTEMPATH\CodeIgniter.php(353): CodeIgniter\CodeIgniter->handleRequest(null, Object(Config\Cache), false)
 9 FCPATH\index.php(79): CodeIgniter\CodeIgniter->run()
10 SYSTEMPATH\Commands\Server\rewrite.php(47): require_once('C:\\Users\\Moisés David\\Desktop\\QUINTO SEMESTRE\\TALLER DE BASE DE DATOS\\Unidad II\\Blog\\public\\index.php')
CRITICAL - 2023-10-03 14:36:28 --> Undefined array key "category"
in APPPATH\Views\posts\Ejercicio01.php on line 16.
 1 APPPATH\Views\posts\Ejercicio01.php(16): CodeIgniter\Debug\Exceptions->errorHandler(2, 'Undefined array key "category"', 'C:\\Users\\Moisés David\\Desktop\\QUINTO SEMESTRE\\TALLER DE BASE DE DATOS\\Unidad II\\Blog\\app\\Views\\posts\\Ejercicio01.php', 16)
 2 SYSTEMPATH\View\View.php(226): include('C:\\Users\\Moisés David\\Desktop\\QUINTO SEMESTRE\\TALLER DE BASE DE DATOS\\Unidad II\\Blog\\app\\Views\\posts\\Ejercicio01.php')
 3 SYSTEMPATH\View\View.php(229): CodeIgniter\View\View->CodeIgniter\View\{closure}()
 4 SYSTEMPATH\Common.php(1188): CodeIgniter\View\View->render('posts/Ejercicio01', [], true)
 5 APPPATH\Controllers\PostController.php(22): view('posts/Ejercicio01', [...])
 6 SYSTEMPATH\CodeIgniter.php(919): App\Controllers\PostController->Ejercicio1()
 7 SYSTEMPATH\CodeIgniter.php(494): CodeIgniter\CodeIgniter->runController(Object(App\Controllers\PostController))
 8 SYSTEMPATH\CodeIgniter.php(353): CodeIgniter\CodeIgniter->handleRequest(null, Object(Config\Cache), false)
 9 FCPATH\index.php(79): CodeIgniter\CodeIgniter->run()
10 SYSTEMPATH\Commands\Server\rewrite.php(47): require_once('C:\\Users\\Moisés David\\Desktop\\QUINTO SEMESTRE\\TALLER DE BASE DE DATOS\\Unidad II\\Blog\\public\\index.php')
ERROR - 2023-10-03 14:37:51 --> mysqli_sql_exception: Column 'created_at' in where clause is ambiguous in C:\Users\Moisés David\Desktop\QUINTO SEMESTRE\TALLER DE BASE DE DATOS\Unidad II\Blog\system\Database\MySQLi\Connection.php:306
Stack trace:
#0 C:\Users\Moisés David\Desktop\QUINTO SEMESTRE\TALLER DE BASE DE DATOS\Unidad II\Blog\system\Database\MySQLi\Connection.php(306): mysqli->query('select c.catego...', 0)
#1 C:\Users\Moisés David\Desktop\QUINTO SEMESTRE\TALLER DE BASE DE DATOS\Unidad II\Blog\system\Database\BaseConnection.php(692): CodeIgniter\Database\MySQLi\Connection->execute('select c.catego...')
#2 C:\Users\Moisés David\Desktop\QUINTO SEMESTRE\TALLER DE BASE DE DATOS\Unidad II\Blog\system\Database\BaseConnection.php(606): CodeIgniter\Database\BaseConnection->simpleQuery('select c.catego...')
#3 C:\Users\Moisés David\Desktop\QUINTO SEMESTRE\TALLER DE BASE DE DATOS\Unidad II\Blog\app\Controllers\PostController.php(12): CodeIgniter\Database\BaseConnection->query('select c.catego...')
#4 C:\Users\Moisés David\Desktop\QUINTO SEMESTRE\TALLER DE BASE DE DATOS\Unidad II\Blog\system\CodeIgniter.php(919): App\Controllers\PostController->Ejercicio1()
#5 C:\Users\Moisés David\Desktop\QUINTO SEMESTRE\TALLER DE BASE DE DATOS\Unidad II\Blog\system\CodeIgniter.php(494): CodeIgniter\CodeIgniter->runController(Object(App\Controllers\PostController))
#6 C:\Users\Moisés David\Desktop\QUINTO SEMESTRE\TALLER DE BASE DE DATOS\Unidad II\Blog\system\CodeIgniter.php(353): CodeIgniter\CodeIgniter->handleRequest(NULL, Object(Config\Cache), false)
#7 C:\Users\Moisés David\Desktop\QUINTO SEMESTRE\TALLER DE BASE DE DATOS\Unidad II\Blog\public\index.php(79): CodeIgniter\CodeIgniter->run()
#8 C:\Users\Moisés David\Desktop\QUINTO SEMESTRE\TALLER DE BASE DE DATOS\Unidad II\Blog\system\Commands\Server\rewrite.php(47): require_once('C:\\Users\\Mois\xC3\xA9...')
#9 {main}
CRITICAL - 2023-10-03 14:37:51 --> Column 'created_at' in where clause is ambiguous
in SYSTEMPATH\Database\BaseConnection.php on line 646.
 1 APPPATH\Controllers\PostController.php(12): CodeIgniter\Database\BaseConnection->query('select c.category, p.id, p.title, u.username, p.created_at
                            from categories as c right 
                            join posts as p on p.category = c.id 
                            left join users as u on u.id = p.autor where created_at between "2023/01/01" and "2023/12/31" ')
 2 SYSTEMPATH\CodeIgniter.php(919): App\Controllers\PostController->Ejercicio1()
 3 SYSTEMPATH\CodeIgniter.php(494): CodeIgniter\CodeIgniter->runController(Object(App\Controllers\PostController))
 4 SYSTEMPATH\CodeIgniter.php(353): CodeIgniter\CodeIgniter->handleRequest(null, Object(Config\Cache), false)
 5 FCPATH\index.php(79): CodeIgniter\CodeIgniter->run()
 6 SYSTEMPATH\Commands\Server\rewrite.php(47): require_once('C:\\Users\\Moisés David\\Desktop\\QUINTO SEMESTRE\\TALLER DE BASE DE DATOS\\Unidad II\\Blog\\public\\index.php')
CRITICAL - 2023-10-03 14:38:11 --> Undefined array key "id"
in APPPATH\Views\posts\Ejercicio01.php on line 15.
 1 APPPATH\Views\posts\Ejercicio01.php(15): CodeIgniter\Debug\Exceptions->errorHandler(2, 'Undefined array key "id"', 'C:\\Users\\Moisés David\\Desktop\\QUINTO SEMESTRE\\TALLER DE BASE DE DATOS\\Unidad II\\Blog\\app\\Views\\posts\\Ejercicio01.php', 15)
 2 SYSTEMPATH\View\View.php(226): include('C:\\Users\\Moisés David\\Desktop\\QUINTO SEMESTRE\\TALLER DE BASE DE DATOS\\Unidad II\\Blog\\app\\Views\\posts\\Ejercicio01.php')
 3 SYSTEMPATH\View\View.php(229): CodeIgniter\View\View->CodeIgniter\View\{closure}()
 4 SYSTEMPATH\Common.php(1188): CodeIgniter\View\View->render('posts/Ejercicio01', [], true)
 5 APPPATH\Controllers\PostController.php(21): view('posts/Ejercicio01', [...])
 6 SYSTEMPATH\CodeIgniter.php(919): App\Controllers\PostController->Ejercicio1()
 7 SYSTEMPATH\CodeIgniter.php(494): CodeIgniter\CodeIgniter->runController(Object(App\Controllers\PostController))
 8 SYSTEMPATH\CodeIgniter.php(353): CodeIgniter\CodeIgniter->handleRequest(null, Object(Config\Cache), false)
 9 FCPATH\index.php(79): CodeIgniter\CodeIgniter->run()
10 SYSTEMPATH\Commands\Server\rewrite.php(47): require_once('C:\\Users\\Moisés David\\Desktop\\QUINTO SEMESTRE\\TALLER DE BASE DE DATOS\\Unidad II\\Blog\\public\\index.php')
CRITICAL - 2023-10-03 14:41:05 --> Undefined array key "id"
in APPPATH\Views\posts\Ejercicio01.php on line 15.
 1 APPPATH\Views\posts\Ejercicio01.php(15): CodeIgniter\Debug\Exceptions->errorHandler(2, 'Undefined array key "id"', 'C:\\Users\\Moisés David\\Desktop\\QUINTO SEMESTRE\\TALLER DE BASE DE DATOS\\Unidad II\\Blog\\app\\Views\\posts\\Ejercicio01.php', 15)
 2 SYSTEMPATH\View\View.php(226): include('C:\\Users\\Moisés David\\Desktop\\QUINTO SEMESTRE\\TALLER DE BASE DE DATOS\\Unidad II\\Blog\\app\\Views\\posts\\Ejercicio01.php')
 3 SYSTEMPATH\View\View.php(229): CodeIgniter\View\View->CodeIgniter\View\{closure}()
 4 SYSTEMPATH\Common.php(1188): CodeIgniter\View\View->render('posts/Ejercicio01', [], true)
 5 APPPATH\Controllers\PostController.php(21): view('posts/Ejercicio01', [...])
 6 SYSTEMPATH\CodeIgniter.php(919): App\Controllers\PostController->Ejercicio1()
 7 SYSTEMPATH\CodeIgniter.php(494): CodeIgniter\CodeIgniter->runController(Object(App\Controllers\PostController))
 8 SYSTEMPATH\CodeIgniter.php(353): CodeIgniter\CodeIgniter->handleRequest(null, Object(Config\Cache), false)
 9 FCPATH\index.php(79): CodeIgniter\CodeIgniter->run()
10 SYSTEMPATH\Commands\Server\rewrite.php(47): require_once('C:\\Users\\Moisés David\\Desktop\\QUINTO SEMESTRE\\TALLER DE BASE DE DATOS\\Unidad II\\Blog\\public\\index.php')
CRITICAL - 2023-10-03 14:41:15 --> Undefined array key "id"
in APPPATH\Views\posts\Ejercicio01.php on line 15.
 1 APPPATH\Views\posts\Ejercicio01.php(15): CodeIgniter\Debug\Exceptions->errorHandler(2, 'Undefined array key "id"', 'C:\\Users\\Moisés David\\Desktop\\QUINTO SEMESTRE\\TALLER DE BASE DE DATOS\\Unidad II\\Blog\\app\\Views\\posts\\Ejercicio01.php', 15)
 2 SYSTEMPATH\View\View.php(226): include('C:\\Users\\Moisés David\\Desktop\\QUINTO SEMESTRE\\TALLER DE BASE DE DATOS\\Unidad II\\Blog\\app\\Views\\posts\\Ejercicio01.php')
 3 SYSTEMPATH\View\View.php(229): CodeIgniter\View\View->CodeIgniter\View\{closure}()
 4 SYSTEMPATH\Common.php(1188): CodeIgniter\View\View->render('posts/Ejercicio01', [], true)
 5 APPPATH\Controllers\PostController.php(21): view('posts/Ejercicio01', [...])
 6 SYSTEMPATH\CodeIgniter.php(919): App\Controllers\PostController->Ejercicio1()
 7 SYSTEMPATH\CodeIgniter.php(494): CodeIgniter\CodeIgniter->runController(Object(App\Controllers\PostController))
 8 SYSTEMPATH\CodeIgniter.php(353): CodeIgniter\CodeIgniter->handleRequest(null, Object(Config\Cache), false)
 9 FCPATH\index.php(79): CodeIgniter\CodeIgniter->run()
10 SYSTEMPATH\Commands\Server\rewrite.php(47): require_once('C:\\Users\\Moisés David\\Desktop\\QUINTO SEMESTRE\\TALLER DE BASE DE DATOS\\Unidad II\\Blog\\public\\index.php')
CRITICAL - 2023-10-03 14:41:54 --> Undefined array key "id"
in APPPATH\Views\posts\Ejercicio01.php on line 15.
 1 APPPATH\Views\posts\Ejercicio01.php(15): CodeIgniter\Debug\Exceptions->errorHandler(2, 'Undefined array key "id"', 'C:\\Users\\Moisés David\\Desktop\\QUINTO SEMESTRE\\TALLER DE BASE DE DATOS\\Unidad II\\Blog\\app\\Views\\posts\\Ejercicio01.php', 15)
 2 SYSTEMPATH\View\View.php(226): include('C:\\Users\\Moisés David\\Desktop\\QUINTO SEMESTRE\\TALLER DE BASE DE DATOS\\Unidad II\\Blog\\app\\Views\\posts\\Ejercicio01.php')
 3 SYSTEMPATH\View\View.php(229): CodeIgniter\View\View->CodeIgniter\View\{closure}()
 4 SYSTEMPATH\Common.php(1188): CodeIgniter\View\View->render('posts/Ejercicio01', [], true)
 5 APPPATH\Controllers\PostController.php(21): view('posts/Ejercicio01', [...])
 6 SYSTEMPATH\CodeIgniter.php(919): App\Controllers\PostController->Ejercicio1()
 7 SYSTEMPATH\CodeIgniter.php(494): CodeIgniter\CodeIgniter->runController(Object(App\Controllers\PostController))
 8 SYSTEMPATH\CodeIgniter.php(353): CodeIgniter\CodeIgniter->handleRequest(null, Object(Config\Cache), false)
 9 FCPATH\index.php(79): CodeIgniter\CodeIgniter->run()
10 SYSTEMPATH\Commands\Server\rewrite.php(47): require_once('C:\\Users\\Moisés David\\Desktop\\QUINTO SEMESTRE\\TALLER DE BASE DE DATOS\\Unidad II\\Blog\\public\\index.php')
CRITICAL - 2023-10-03 14:43:11 --> Undefined variable $poasts
in APPPATH\Views\posts\Ejercicio01.php on line 14.
 1 APPPATH\Views\posts\Ejercicio01.php(14): CodeIgniter\Debug\Exceptions->errorHandler(2, 'Undefined variable $poasts', 'C:\\Users\\Moisés David\\Desktop\\QUINTO SEMESTRE\\TALLER DE BASE DE DATOS\\Unidad II\\Blog\\app\\Views\\posts\\Ejercicio01.php', 14)
 2 SYSTEMPATH\View\View.php(226): include('C:\\Users\\Moisés David\\Desktop\\QUINTO SEMESTRE\\TALLER DE BASE DE DATOS\\Unidad II\\Blog\\app\\Views\\posts\\Ejercicio01.php')
 3 SYSTEMPATH\View\View.php(229): CodeIgniter\View\View->CodeIgniter\View\{closure}()
 4 SYSTEMPATH\Common.php(1188): CodeIgniter\View\View->render('posts/Ejercicio01', [], true)
 5 APPPATH\Controllers\PostController.php(21): view('posts/Ejercicio01', [...])
 6 SYSTEMPATH\CodeIgniter.php(919): App\Controllers\PostController->Ejercicio1()
 7 SYSTEMPATH\CodeIgniter.php(494): CodeIgniter\CodeIgniter->runController(Object(App\Controllers\PostController))
 8 SYSTEMPATH\CodeIgniter.php(353): CodeIgniter\CodeIgniter->handleRequest(null, Object(Config\Cache), false)
 9 FCPATH\index.php(79): CodeIgniter\CodeIgniter->run()
10 SYSTEMPATH\Commands\Server\rewrite.php(47): require_once('C:\\Users\\Moisés David\\Desktop\\QUINTO SEMESTRE\\TALLER DE BASE DE DATOS\\Unidad II\\Blog\\public\\index.php')
CRITICAL - 2023-10-03 14:58:43 --> Object of class stdClass could not be converted to string
in APPPATH\Views\posts\Ejercicio05.php on line 9.
 1 APPPATH\Views\posts\Ejercicio05.php(9): implode([...])
 2 SYSTEMPATH\View\View.php(226): include('C:\\Users\\Moisés David\\Desktop\\QUINTO SEMESTRE\\TALLER DE BASE DE DATOS\\Unidad II\\Blog\\app\\Views\\posts\\Ejercicio05.php')
 3 SYSTEMPATH\View\View.php(229): CodeIgniter\View\View->CodeIgniter\View\{closure}()
 4 SYSTEMPATH\Common.php(1188): CodeIgniter\View\View->render('posts/Ejercicio05', [], true)
 5 APPPATH\Controllers\PostController.php(39): view('posts/Ejercicio05', [...])
 6 SYSTEMPATH\CodeIgniter.php(919): App\Controllers\PostController->Ejercicio5()
 7 SYSTEMPATH\CodeIgniter.php(494): CodeIgniter\CodeIgniter->runController(Object(App\Controllers\PostController))
 8 SYSTEMPATH\CodeIgniter.php(353): CodeIgniter\CodeIgniter->handleRequest(null, Object(Config\Cache), false)
 9 FCPATH\index.php(79): CodeIgniter\CodeIgniter->run()
10 SYSTEMPATH\Commands\Server\rewrite.php(47): require_once('C:\\Users\\Moisés David\\Desktop\\QUINTO SEMESTRE\\TALLER DE BASE DE DATOS\\Unidad II\\Blog\\public\\index.php')
CRITICAL - 2023-10-03 14:59:01 --> Array to string conversion
in APPPATH\Views\posts\Ejercicio05.php on line 9.
 1 APPPATH\Views\posts\Ejercicio05.php(9): CodeIgniter\Debug\Exceptions->errorHandler(2, 'Array to string conversion', 'C:\\Users\\Moisés David\\Desktop\\QUINTO SEMESTRE\\TALLER DE BASE DE DATOS\\Unidad II\\Blog\\app\\Views\\posts\\Ejercicio05.php', 9)
 2 SYSTEMPATH\View\View.php(226): include('C:\\Users\\Moisés David\\Desktop\\QUINTO SEMESTRE\\TALLER DE BASE DE DATOS\\Unidad II\\Blog\\app\\Views\\posts\\Ejercicio05.php')
 3 SYSTEMPATH\View\View.php(229): CodeIgniter\View\View->CodeIgniter\View\{closure}()
 4 SYSTEMPATH\Common.php(1188): CodeIgniter\View\View->render('posts/Ejercicio05', [], true)
 5 APPPATH\Controllers\PostController.php(39): view('posts/Ejercicio05', [...])
 6 SYSTEMPATH\CodeIgniter.php(919): App\Controllers\PostController->Ejercicio5()
 7 SYSTEMPATH\CodeIgniter.php(494): CodeIgniter\CodeIgniter->runController(Object(App\Controllers\PostController))
 8 SYSTEMPATH\CodeIgniter.php(353): CodeIgniter\CodeIgniter->handleRequest(null, Object(Config\Cache), false)
 9 FCPATH\index.php(79): CodeIgniter\CodeIgniter->run()
10 SYSTEMPATH\Commands\Server\rewrite.php(47): require_once('C:\\Users\\Moisés David\\Desktop\\QUINTO SEMESTRE\\TALLER DE BASE DE DATOS\\Unidad II\\Blog\\public\\index.php')
