CRITICAL - 2023-10-12 00:42:47 --> Class "App\Controllers\Ifsnop\Mysqldump\Mysqldump" not found
in APPPATH\Controllers\DumpController.php on line 20.
 1 SYSTEMPATH\CodeIgniter.php(919): App\Controllers\DumpController->index()
 2 SYSTEMPATH\CodeIgniter.php(494): CodeIgniter\CodeIgniter->runController(Object(App\Controllers\DumpController))
 3 SYSTEMPATH\CodeIgniter.php(353): CodeIgniter\CodeIgniter->handleRequest(null, Object(Config\Cache), false)
 4 FCPATH\index.php(79): CodeIgniter\CodeIgniter->run()
 5 SYSTEMPATH\Commands\Server\rewrite.php(47): require_once('C:\\Users\\Moisés David\\Desktop\\QUINTO SEMESTRE\\TALLER DE BASE DE DATOS\\Unidad II\\Blog\\public\\index.php')
ERROR - 2023-10-12 16:08:08 --> Error connecting to the database: mysqli_sql_exception: No se puede establecer una conexión ya que el equipo de destino denegó expresamente dicha conexión in C:\Users\Moisés David\Desktop\QUINTO SEMESTRE\TALLER DE BASE DE DATOS\Unidad II\Blog\system\Database\MySQLi\Connection.php:184
Stack trace:
#0 C:\Users\Moisés David\Desktop\QUINTO SEMESTRE\TALLER DE BASE DE DATOS\Unidad II\Blog\system\Database\MySQLi\Connection.php(184): mysqli->real_connect('p:127.0.0.1', 'david', Object(SensitiveParameterValue), 'blog', 3306, '', 0)
#1 C:\Users\Moisés David\Desktop\QUINTO SEMESTRE\TALLER DE BASE DE DATOS\Unidad II\Blog\system\Database\BaseConnection.php(391): CodeIgniter\Database\MySQLi\Connection->connect(true)
#2 C:\Users\Moisés David\Desktop\QUINTO SEMESTRE\TALLER DE BASE DE DATOS\Unidad II\Blog\system\Database\BaseConnection.php(574): CodeIgniter\Database\BaseConnection->initialize()
#3 C:\Users\Moisés David\Desktop\QUINTO SEMESTRE\TALLER DE BASE DE DATOS\Unidad II\Blog\app\Controllers\PostController.php(11): CodeIgniter\Database\BaseConnection->query('select c.catego...')
#4 C:\Users\Moisés David\Desktop\QUINTO SEMESTRE\TALLER DE BASE DE DATOS\Unidad II\Blog\system\CodeIgniter.php(919): App\Controllers\PostController->ejercicio01()
#5 C:\Users\Moisés David\Desktop\QUINTO SEMESTRE\TALLER DE BASE DE DATOS\Unidad II\Blog\system\CodeIgniter.php(494): CodeIgniter\CodeIgniter->runController(Object(App\Controllers\PostController))
#6 C:\Users\Moisés David\Desktop\QUINTO SEMESTRE\TALLER DE BASE DE DATOS\Unidad II\Blog\system\CodeIgniter.php(353): CodeIgniter\CodeIgniter->handleRequest(NULL, Object(Config\Cache), false)
#7 C:\Users\Moisés David\Desktop\QUINTO SEMESTRE\TALLER DE BASE DE DATOS\Unidad II\Blog\public\index.php(79): CodeIgniter\CodeIgniter->run()
#8 C:\Users\Moisés David\Desktop\QUINTO SEMESTRE\TALLER DE BASE DE DATOS\Unidad II\Blog\system\Commands\Server\rewrite.php(47): require_once('C:\\Users\\Mois\xC3\xA9...')
#9 {main}

Next CodeIgniter\Database\Exceptions\DatabaseException: No se puede establecer una conexión ya que el equipo de destino denegó expresamente dicha conexión in C:\Users\Moisés David\Desktop\QUINTO SEMESTRE\TALLER DE BASE DE DATOS\Unidad II\Blog\system\Database\MySQLi\Connection.php:229
Stack trace:
#0 C:\Users\Moisés David\Desktop\QUINTO SEMESTRE\TALLER DE BASE DE DATOS\Unidad II\Blog\system\Database\BaseConnection.php(391): CodeIgniter\Database\MySQLi\Connection->connect(true)
#1 C:\Users\Moisés David\Desktop\QUINTO SEMESTRE\TALLER DE BASE DE DATOS\Unidad II\Blog\system\Database\BaseConnection.php(574): CodeIgniter\Database\BaseConnection->initialize()
#2 C:\Users\Moisés David\Desktop\QUINTO SEMESTRE\TALLER DE BASE DE DATOS\Unidad II\Blog\app\Controllers\PostController.php(11): CodeIgniter\Database\BaseConnection->query('select c.catego...')
#3 C:\Users\Moisés David\Desktop\QUINTO SEMESTRE\TALLER DE BASE DE DATOS\Unidad II\Blog\system\CodeIgniter.php(919): App\Controllers\PostController->ejercicio01()
#4 C:\Users\Moisés David\Desktop\QUINTO SEMESTRE\TALLER DE BASE DE DATOS\Unidad II\Blog\system\CodeIgniter.php(494): CodeIgniter\CodeIgniter->runController(Object(App\Controllers\PostController))
#5 C:\Users\Moisés David\Desktop\QUINTO SEMESTRE\TALLER DE BASE DE DATOS\Unidad II\Blog\system\CodeIgniter.php(353): CodeIgniter\CodeIgniter->handleRequest(NULL, Object(Config\Cache), false)
#6 C:\Users\Moisés David\Desktop\QUINTO SEMESTRE\TALLER DE BASE DE DATOS\Unidad II\Blog\public\index.php(79): CodeIgniter\CodeIgniter->run()
#7 C:\Users\Moisés David\Desktop\QUINTO SEMESTRE\TALLER DE BASE DE DATOS\Unidad II\Blog\system\Commands\Server\rewrite.php(47): require_once('C:\\Users\\Mois\xC3\xA9...')
#8 {main}
CRITICAL - 2023-10-12 16:08:08 --> Unable to connect to the database.
Main connection [MySQLi]: No se puede establecer una conexión ya que el equipo de destino denegó expresamente dicha conexión
in SYSTEMPATH\Database\BaseConnection.php on line 427.
 1 SYSTEMPATH\Database\BaseConnection.php(574): CodeIgniter\Database\BaseConnection->initialize()
 2 APPPATH\Controllers\PostController.php(11): CodeIgniter\Database\BaseConnection->query('select c.category, p.id,
        p.title, u.username, p.created_at from categories as c right 
        join posts as p on p.category = c.id left join
        users as u on u.id = p.autor where p.created_at between "2023/01/01"
         and "2023/12/31"')
 3 SYSTEMPATH\CodeIgniter.php(919): App\Controllers\PostController->ejercicio01()
 4 SYSTEMPATH\CodeIgniter.php(494): CodeIgniter\CodeIgniter->runController(Object(App\Controllers\PostController))
 5 SYSTEMPATH\CodeIgniter.php(353): CodeIgniter\CodeIgniter->handleRequest(null, Object(Config\Cache), false)
 6 FCPATH\index.php(79): CodeIgniter\CodeIgniter->run()
 7 SYSTEMPATH\Commands\Server\rewrite.php(47): require_once('C:\\Users\\Moisés David\\Desktop\\QUINTO SEMESTRE\\TALLER DE BASE DE DATOS\\Unidad II\\Blog\\public\\index.php')
